<?xml version="1.0" encoding="UTF-8"?>
<testsuites name="Mike Tests" tests="236" failures="85" errors="0" time="2500.52">
  <testsuite name="Mike Test Suite" tests="236" failures="85" errors="0" time="2500.52">
    
    <testcase name="Navigate to Home" time="1.40" classname="Mike.7f3a7949-571d-45b9-8010-0acd3f40205f">
      
      
      
    </testcase>
    <testcase name="Navigate to Login" time="1.27" classname="Mike.15867f17-c323-4f84-88da-c999ff0b2c35">
      
      
      
    </testcase>
    <testcase name="Navigate to Register" time="1.36" classname="Mike.44e1e316-176f-4445-93e2-44658c47ce90">
      
      
      
    </testcase>
    <testcase name="Navigate to Home" time="11.34" classname="Mike.27c6305a-ffe4-4f24-9b79-e5bdbf0001b1">
      
      
      
    </testcase>
    <testcase name="Navigate to Activity Create" time="2.10" classname="Mike.696728c2-1583-4f71-859b-ad8e79c87f0a">
      
      
      
    </testcase>
    <testcase name="Navigate to Challenges" time="2.15" classname="Mike.f26985e3-8b5b-4203-bd76-5300df950821">
      
      
      
    </testcase>
    <testcase name="Navigate to Rankings" time="2.29" classname="Mike.723113bb-9ff7-44fb-8d88-1643eda629ee">
      
      
      
    </testcase>
    <testcase name="Navigate to Teams" time="2.24" classname="Mike.4e7dd307-72cb-4b57-98ec-8ad977fd345b">
      
      
      
    </testcase>
    <testcase name="Navigate to Calendar" time="1.91" classname="Mike.7d359f38-2e9e-472b-af1e-41f760133814">
      
      
      
    </testcase>
    <testcase name="Navigate to Settings" time="1.49" classname="Mike.b7e9b4bf-6e6c-4db5-b1bc-5740f65b0d78">
      
      
      
    </testcase>
    <testcase name="Navigate to Notifications" time="1.64" classname="Mike.b39d6f35-297f-4bca-bd5f-bb017f2f3de4">
      
      
      
    </testcase>
    <testcase name="Navigate to Leaderboard" time="2.18" classname="Mike.55dd4c69-0754-41e8-956a-7f27d171b99a">
      
      
      
    </testcase>
    <testcase name="Click &quot;Button&quot; button on Home" time="94.18" classname="Mike.8ba37752-2cb8-4e3d-9e45-a3394faf4321">
      <failure message="page.click: Timeout 30000ms exceeded.
Call log:
[2m  - waiting for locator(&apos;button:nth-child(1)&apos;)[22m
[2m    - locator resolved to 3 elements. Proceeding with the first one: &lt;button class=&quot;h-2 rounded-full transition-all duration-300 w-8 bg-orange-500&quot;&gt;&lt;/button&gt;[22m
[2m  - attempting click action[22m
[2m    - waiting for element to be visible, enabled and stable[22m
[2m    - element is visible, enabled and stable[22m
[2m    - scrolling into view if needed[22m
[2m    - done scrolling[22m
[2m    - &lt;div class=&quot;absolute inset-0 bg-gradient-to-br from-orange-100 via-slate-100 to-red-100 rounded-3xl blur-xl opacity-70&quot;&gt;&lt;/div&gt; intercepts pointer events[22m
[2m  - retrying click action[22m
[2m    - waiting for element to be visible, enabled and stable[22m
[2m    - element is not stable[22m
[2m  - retrying click action[22m
[2m    - waiting 20ms[22m
[2m    2 × waiting for element to be visible, enabled and stable[22m
[2m      - element is not stable[22m
[2m    - retrying click action[22m
[2m      - waiting 100ms[22m
[2m    - waiting for element to be visible, enabled and stable[22m
[2m    - element is not stable[22m
[2m  14 × retrying click action[22m
[2m       - waiting 500ms[22m
[2m       - waiting for element to be visible, enabled and stable[22m
[2m       - element is visible, enabled and stable[22m
[2m       - scrolling into view if needed[22m
[2m       - done scrolling[22m
[2m       - &lt;div class=&quot;absolute inset-0 bg-gradient-to-br from-orange-100 via-slate-100 to-red-100 rounded-3xl blur-xl opacity-70&quot;&gt;&lt;/div&gt; intercepts pointer events[22m
[2m     - retrying click action[22m
[2m       - waiting 500ms[22m
[2m       - waiting for element to be visible, enabled and stable[22m
[2m       - element is visible, enabled and stable[22m
[2m       - scrolling into view if needed[22m
[2m       - done scrolling[22m
[2m       - &lt;div class=&quot;absolute inset-0 bg-gradient-to-br from-orange-100 via-slate-100 to-red-100 rounded-3xl blur-xl opacity-70&quot;&gt;&lt;/div&gt; intercepts pointer events[22m
[2m     - retrying click action[22m
[2m       - waiting 500ms[22m
[2m       - waiting for element to be visible, enabled and stable[22m
[2m       - element is visible, enabled and stable[22m
[2m       - scrolling into view if needed[22m
[2m       - done scrolling[22m
[2m       - &lt;header class=&quot;fixed top-0 left-0 right-0 z-50 transition-all duration-300 bg-slate-900/95 backdrop-blur-xl border-b border-slate-800 py-3&quot;&gt;…&lt;/header&gt; intercepts pointer events[22m
[2m     - retrying click action[22m
[2m       - waiting 500ms[22m
[2m       - waiting for element to be visible, enabled and stable[22m
[2m       - element is visible, enabled and stable[22m
[2m       - scrolling into view if needed[22m
[2m       - done scrolling[22m
[2m       - &lt;header class=&quot;fixed top-0 left-0 right-0 z-50 transition-all duration-300 bg-slate-900/95 backdrop-blur-xl border-b border-slate-800 py-3&quot;&gt;…&lt;/header&gt; intercepts pointer events[22m
[2m  - retrying click action[22m
[2m    - waiting 500ms[22m
[2m    - waiting for element to be visible, enabled and stable[22m
[2m    - element is visible, enabled and stable[22m
[2m    - scrolling into view if needed[22m
[2m    - done scrolling[22m
[2m    - &lt;div class=&quot;absolute inset-0 bg-gradient-to-br from-orange-100 via-slate-100 to-red-100 rounded-3xl blur-xl opacity-70&quot;&gt;&lt;/div&gt; intercepts pointer events[22m
[2m  - retrying click action[22m
[2m    - waiting 500ms[22m
">page.click: Timeout 30000ms exceeded.
Call log:
[2m  - waiting for locator(&apos;button:nth-child(1)&apos;)[22m
[2m    - locator resolved to 3 elements. Proceeding with the first one: &lt;button class=&quot;h-2 rounded-full transition-all duration-300 w-8 bg-orange-500&quot;&gt;&lt;/button&gt;[22m
[2m  - attempting click action[22m
[2m    - waiting for element to be visible, enabled and stable[22m
[2m    - element is visible, enabled and stable[22m
[2m    - scrolling into view if needed[22m
[2m    - done scrolling[22m
[2m    - &lt;div class=&quot;absolute inset-0 bg-gradient-to-br from-orange-100 via-slate-100 to-red-100 rounded-3xl blur-xl opacity-70&quot;&gt;&lt;/div&gt; intercepts pointer events[22m
[2m  - retrying click action[22m
[2m    - waiting for element to be visible, enabled and stable[22m
[2m    - element is not stable[22m
[2m  - retrying click action[22m
[2m    - waiting 20ms[22m
[2m    2 × waiting for element to be visible, enabled and stable[22m
[2m      - element is not stable[22m
[2m    - retrying click action[22m
[2m      - waiting 100ms[22m
[2m    - waiting for element to be visible, enabled and stable[22m
[2m    - element is not stable[22m
[2m  14 × retrying click action[22m
[2m       - waiting 500ms[22m
[2m       - waiting for element to be visible, enabled and stable[22m
[2m       - element is visible, enabled and stable[22m
[2m       - scrolling into view if needed[22m
[2m       - done scrolling[22m
[2m       - &lt;div class=&quot;absolute inset-0 bg-gradient-to-br from-orange-100 via-slate-100 to-red-100 rounded-3xl blur-xl opacity-70&quot;&gt;&lt;/div&gt; intercepts pointer events[22m
[2m     - retrying click action[22m
[2m       - waiting 500ms[22m
[2m       - waiting for element to be visible, enabled and stable[22m
[2m       - element is visible, enabled and stable[22m
[2m       - scrolling into view if needed[22m
[2m       - done scrolling[22m
[2m       - &lt;div class=&quot;absolute inset-0 bg-gradient-to-br from-orange-100 via-slate-100 to-red-100 rounded-3xl blur-xl opacity-70&quot;&gt;&lt;/div&gt; intercepts pointer events[22m
[2m     - retrying click action[22m
[2m       - waiting 500ms[22m
[2m       - waiting for element to be visible, enabled and stable[22m
[2m       - element is visible, enabled and stable[22m
[2m       - scrolling into view if needed[22m
[2m       - done scrolling[22m
[2m       - &lt;header class=&quot;fixed top-0 left-0 right-0 z-50 transition-all duration-300 bg-slate-900/95 backdrop-blur-xl border-b border-slate-800 py-3&quot;&gt;…&lt;/header&gt; intercepts pointer events[22m
[2m     - retrying click action[22m
[2m       - waiting 500ms[22m
[2m       - waiting for element to be visible, enabled and stable[22m
[2m       - element is visible, enabled and stable[22m
[2m       - scrolling into view if needed[22m
[2m       - done scrolling[22m
[2m       - &lt;header class=&quot;fixed top-0 left-0 right-0 z-50 transition-all duration-300 bg-slate-900/95 backdrop-blur-xl border-b border-slate-800 py-3&quot;&gt;…&lt;/header&gt; intercepts pointer events[22m
[2m  - retrying click action[22m
[2m    - waiting 500ms[22m
[2m    - waiting for element to be visible, enabled and stable[22m
[2m    - element is visible, enabled and stable[22m
[2m    - scrolling into view if needed[22m
[2m    - done scrolling[22m
[2m    - &lt;div class=&quot;absolute inset-0 bg-gradient-to-br from-orange-100 via-slate-100 to-red-100 rounded-3xl blur-xl opacity-70&quot;&gt;&lt;/div&gt; intercepts pointer events[22m
[2m  - retrying click action[22m
[2m    - waiting 500ms[22m

    at TestExecutor.executeStep (/Users/michal/Evergo/mike/executors/test-executor.ts:149:20)
    at TestExecutor.executeScenario (/Users/michal/Evergo/mike/executors/test-executor.ts:38:24)
    at async Mike.executeTests (/Users/michal/Evergo/mike/core/mike.ts:226:24)
    at async Mike.runFullSuite (/Users/michal/Evergo/mike/core/mike.ts:113:5)
    at async main (/Users/michal/Evergo/mike/cli.ts:160:25)</failure>
      
      
    </testcase>
    <testcase name="Click &quot;Button&quot; button on Home" time="94.24" classname="Mike.f0e62758-b678-4713-b5b3-2441fd94e3e5">
      <failure message="page.click: Timeout 30000ms exceeded.
Call log:
[2m  - waiting for locator(&apos;button:nth-child(2)&apos;)[22m
[2m    - locator resolved to 4 elements. Proceeding with the first one: &lt;button class=&quot;h-2 rounded-full transition-all duration-300 w-2 bg-slate-300 hover:bg-slate-400&quot;&gt;&lt;/button&gt;[22m
[2m  - attempting click action[22m
[2m    - waiting for element to be visible, enabled and stable[22m
[2m    - element is visible, enabled and stable[22m
[2m    - scrolling into view if needed[22m
[2m    - done scrolling[22m
[2m    - &lt;div class=&quot;absolute inset-0 bg-gradient-to-br from-orange-100 via-slate-100 to-red-100 rounded-3xl blur-xl opacity-70&quot;&gt;&lt;/div&gt; intercepts pointer events[22m
[2m  - retrying click action[22m
[2m    - waiting for element to be visible, enabled and stable[22m
[2m    - element is not stable[22m
[2m  - retrying click action[22m
[2m    - waiting 20ms[22m
[2m    2 × waiting for element to be visible, enabled and stable[22m
[2m      - element is not stable[22m
[2m    - retrying click action[22m
[2m      - waiting 100ms[22m
[2m    - waiting for element to be visible, enabled and stable[22m
[2m    - element is not stable[22m
[2m  14 × retrying click action[22m
[2m       - waiting 500ms[22m
[2m       - waiting for element to be visible, enabled and stable[22m
[2m       - element is visible, enabled and stable[22m
[2m       - scrolling into view if needed[22m
[2m       - done scrolling[22m
[2m       - &lt;div class=&quot;absolute inset-0 bg-gradient-to-br from-orange-100 via-slate-100 to-red-100 rounded-3xl blur-xl opacity-70&quot;&gt;&lt;/div&gt; intercepts pointer events[22m
[2m     - retrying click action[22m
[2m       - waiting 500ms[22m
[2m       - waiting for element to be visible, enabled and stable[22m
[2m       - element is visible, enabled and stable[22m
[2m       - scrolling into view if needed[22m
[2m       - done scrolling[22m
[2m       - &lt;div class=&quot;absolute inset-0 bg-gradient-to-br from-orange-100 via-slate-100 to-red-100 rounded-3xl blur-xl opacity-70&quot;&gt;&lt;/div&gt; intercepts pointer events[22m
[2m     - retrying click action[22m
[2m       - waiting 500ms[22m
[2m       - waiting for element to be visible, enabled and stable[22m
[2m       - element is visible, enabled and stable[22m
[2m       - scrolling into view if needed[22m
[2m       - done scrolling[22m
[2m       - &lt;header class=&quot;fixed top-0 left-0 right-0 z-50 transition-all duration-300 bg-slate-900/95 backdrop-blur-xl border-b border-slate-800 py-3&quot;&gt;…&lt;/header&gt; intercepts pointer events[22m
[2m     - retrying click action[22m
[2m       - waiting 500ms[22m
[2m       - waiting for element to be visible, enabled and stable[22m
[2m       - element is visible, enabled and stable[22m
[2m       - scrolling into view if needed[22m
[2m       - done scrolling[22m
[2m       - &lt;header class=&quot;fixed top-0 left-0 right-0 z-50 transition-all duration-300 bg-slate-900/95 backdrop-blur-xl border-b border-slate-800 py-3&quot;&gt;…&lt;/header&gt; intercepts pointer events[22m
[2m  - retrying click action[22m
[2m    - waiting 500ms[22m
[2m    - waiting for element to be visible, enabled and stable[22m
[2m    - element is visible, enabled and stable[22m
[2m    - scrolling into view if needed[22m
[2m    - done scrolling[22m
[2m    - &lt;div class=&quot;absolute inset-0 bg-gradient-to-br from-orange-100 via-slate-100 to-red-100 rounded-3xl blur-xl opacity-70&quot;&gt;&lt;/div&gt; intercepts pointer events[22m
[2m  - retrying click action[22m
[2m    - waiting 500ms[22m
">page.click: Timeout 30000ms exceeded.
Call log:
[2m  - waiting for locator(&apos;button:nth-child(2)&apos;)[22m
[2m    - locator resolved to 4 elements. Proceeding with the first one: &lt;button class=&quot;h-2 rounded-full transition-all duration-300 w-2 bg-slate-300 hover:bg-slate-400&quot;&gt;&lt;/button&gt;[22m
[2m  - attempting click action[22m
[2m    - waiting for element to be visible, enabled and stable[22m
[2m    - element is visible, enabled and stable[22m
[2m    - scrolling into view if needed[22m
[2m    - done scrolling[22m
[2m    - &lt;div class=&quot;absolute inset-0 bg-gradient-to-br from-orange-100 via-slate-100 to-red-100 rounded-3xl blur-xl opacity-70&quot;&gt;&lt;/div&gt; intercepts pointer events[22m
[2m  - retrying click action[22m
[2m    - waiting for element to be visible, enabled and stable[22m
[2m    - element is not stable[22m
[2m  - retrying click action[22m
[2m    - waiting 20ms[22m
[2m    2 × waiting for element to be visible, enabled and stable[22m
[2m      - element is not stable[22m
[2m    - retrying click action[22m
[2m      - waiting 100ms[22m
[2m    - waiting for element to be visible, enabled and stable[22m
[2m    - element is not stable[22m
[2m  14 × retrying click action[22m
[2m       - waiting 500ms[22m
[2m       - waiting for element to be visible, enabled and stable[22m
[2m       - element is visible, enabled and stable[22m
[2m       - scrolling into view if needed[22m
[2m       - done scrolling[22m
[2m       - &lt;div class=&quot;absolute inset-0 bg-gradient-to-br from-orange-100 via-slate-100 to-red-100 rounded-3xl blur-xl opacity-70&quot;&gt;&lt;/div&gt; intercepts pointer events[22m
[2m     - retrying click action[22m
[2m       - waiting 500ms[22m
[2m       - waiting for element to be visible, enabled and stable[22m
[2m       - element is visible, enabled and stable[22m
[2m       - scrolling into view if needed[22m
[2m       - done scrolling[22m
[2m       - &lt;div class=&quot;absolute inset-0 bg-gradient-to-br from-orange-100 via-slate-100 to-red-100 rounded-3xl blur-xl opacity-70&quot;&gt;&lt;/div&gt; intercepts pointer events[22m
[2m     - retrying click action[22m
[2m       - waiting 500ms[22m
[2m       - waiting for element to be visible, enabled and stable[22m
[2m       - element is visible, enabled and stable[22m
[2m       - scrolling into view if needed[22m
[2m       - done scrolling[22m
[2m       - &lt;header class=&quot;fixed top-0 left-0 right-0 z-50 transition-all duration-300 bg-slate-900/95 backdrop-blur-xl border-b border-slate-800 py-3&quot;&gt;…&lt;/header&gt; intercepts pointer events[22m
[2m     - retrying click action[22m
[2m       - waiting 500ms[22m
[2m       - waiting for element to be visible, enabled and stable[22m
[2m       - element is visible, enabled and stable[22m
[2m       - scrolling into view if needed[22m
[2m       - done scrolling[22m
[2m       - &lt;header class=&quot;fixed top-0 left-0 right-0 z-50 transition-all duration-300 bg-slate-900/95 backdrop-blur-xl border-b border-slate-800 py-3&quot;&gt;…&lt;/header&gt; intercepts pointer events[22m
[2m  - retrying click action[22m
[2m    - waiting 500ms[22m
[2m    - waiting for element to be visible, enabled and stable[22m
[2m    - element is visible, enabled and stable[22m
[2m    - scrolling into view if needed[22m
[2m    - done scrolling[22m
[2m    - &lt;div class=&quot;absolute inset-0 bg-gradient-to-br from-orange-100 via-slate-100 to-red-100 rounded-3xl blur-xl opacity-70&quot;&gt;&lt;/div&gt; intercepts pointer events[22m
[2m  - retrying click action[22m
[2m    - waiting 500ms[22m

    at TestExecutor.executeStep (/Users/michal/Evergo/mike/executors/test-executor.ts:149:20)
    at TestExecutor.executeScenario (/Users/michal/Evergo/mike/executors/test-executor.ts:38:24)
    at async Mike.executeTests (/Users/michal/Evergo/mike/core/mike.ts:226:24)
    at async Mike.runFullSuite (/Users/michal/Evergo/mike/core/mike.ts:113:5)
    at async main (/Users/michal/Evergo/mike/cli.ts:160:25)</failure>
      
      
    </testcase>
    <testcase name="Click &quot;Button&quot; button on Home" time="94.46" classname="Mike.96ef5673-be65-4c53-8a4b-42b88f6ed904">
      <failure message="page.click: Timeout 30000ms exceeded.
Call log:
[2m  - waiting for locator(&apos;button:nth-child(3)&apos;)[22m
[2m    - locator resolved to 3 elements. Proceeding with the first one: &lt;button class=&quot;h-2 rounded-full transition-all duration-300 w-2 bg-slate-300 hover:bg-slate-400&quot;&gt;&lt;/button&gt;[22m
[2m  - attempting click action[22m
[2m    - waiting for element to be visible, enabled and stable[22m
[2m    - element is visible, enabled and stable[22m
[2m    - scrolling into view if needed[22m
[2m    - done scrolling[22m
[2m    - &lt;div class=&quot;absolute inset-0 bg-gradient-to-br from-orange-100 via-slate-100 to-red-100 rounded-3xl blur-xl opacity-70&quot;&gt;&lt;/div&gt; intercepts pointer events[22m
[2m  - retrying click action[22m
[2m    - waiting for element to be visible, enabled and stable[22m
[2m    - element is not stable[22m
[2m  - retrying click action[22m
[2m    - waiting 20ms[22m
[2m    2 × waiting for element to be visible, enabled and stable[22m
[2m      - element is not stable[22m
[2m    - retrying click action[22m
[2m      - waiting 100ms[22m
[2m    - waiting for element to be visible, enabled and stable[22m
[2m    - element is not stable[22m
[2m  14 × retrying click action[22m
[2m       - waiting 500ms[22m
[2m       - waiting for element to be visible, enabled and stable[22m
[2m       - element is visible, enabled and stable[22m
[2m       - scrolling into view if needed[22m
[2m       - done scrolling[22m
[2m       - &lt;div class=&quot;absolute inset-0 bg-gradient-to-br from-orange-100 via-slate-100 to-red-100 rounded-3xl blur-xl opacity-70&quot;&gt;&lt;/div&gt; intercepts pointer events[22m
[2m     - retrying click action[22m
[2m       - waiting 500ms[22m
[2m       - waiting for element to be visible, enabled and stable[22m
[2m       - element is visible, enabled and stable[22m
[2m       - scrolling into view if needed[22m
[2m       - done scrolling[22m
[2m       - &lt;div class=&quot;absolute inset-0 bg-gradient-to-br from-orange-100 via-slate-100 to-red-100 rounded-3xl blur-xl opacity-70&quot;&gt;&lt;/div&gt; intercepts pointer events[22m
[2m     - retrying click action[22m
[2m       - waiting 500ms[22m
[2m       - waiting for element to be visible, enabled and stable[22m
[2m       - element is visible, enabled and stable[22m
[2m       - scrolling into view if needed[22m
[2m       - done scrolling[22m
[2m       - &lt;header class=&quot;fixed top-0 left-0 right-0 z-50 transition-all duration-300 bg-slate-900/95 backdrop-blur-xl border-b border-slate-800 py-3&quot;&gt;…&lt;/header&gt; intercepts pointer events[22m
[2m     - retrying click action[22m
[2m       - waiting 500ms[22m
[2m       - waiting for element to be visible, enabled and stable[22m
[2m       - element is visible, enabled and stable[22m
[2m       - scrolling into view if needed[22m
[2m       - done scrolling[22m
[2m       - &lt;header class=&quot;fixed top-0 left-0 right-0 z-50 transition-all duration-300 bg-slate-900/95 backdrop-blur-xl border-b border-slate-800 py-3&quot;&gt;…&lt;/header&gt; intercepts pointer events[22m
[2m  - retrying click action[22m
[2m    - waiting 500ms[22m
[2m    - waiting for element to be visible, enabled and stable[22m
[2m    - element is visible, enabled and stable[22m
[2m    - scrolling into view if needed[22m
[2m    - done scrolling[22m
[2m    - &lt;div class=&quot;absolute inset-0 bg-gradient-to-br from-orange-100 via-slate-100 to-red-100 rounded-3xl blur-xl opacity-70&quot;&gt;&lt;/div&gt; intercepts pointer events[22m
[2m  - retrying click action[22m
[2m    - waiting 500ms[22m
">page.click: Timeout 30000ms exceeded.
Call log:
[2m  - waiting for locator(&apos;button:nth-child(3)&apos;)[22m
[2m    - locator resolved to 3 elements. Proceeding with the first one: &lt;button class=&quot;h-2 rounded-full transition-all duration-300 w-2 bg-slate-300 hover:bg-slate-400&quot;&gt;&lt;/button&gt;[22m
[2m  - attempting click action[22m
[2m    - waiting for element to be visible, enabled and stable[22m
[2m    - element is visible, enabled and stable[22m
[2m    - scrolling into view if needed[22m
[2m    - done scrolling[22m
[2m    - &lt;div class=&quot;absolute inset-0 bg-gradient-to-br from-orange-100 via-slate-100 to-red-100 rounded-3xl blur-xl opacity-70&quot;&gt;&lt;/div&gt; intercepts pointer events[22m
[2m  - retrying click action[22m
[2m    - waiting for element to be visible, enabled and stable[22m
[2m    - element is not stable[22m
[2m  - retrying click action[22m
[2m    - waiting 20ms[22m
[2m    2 × waiting for element to be visible, enabled and stable[22m
[2m      - element is not stable[22m
[2m    - retrying click action[22m
[2m      - waiting 100ms[22m
[2m    - waiting for element to be visible, enabled and stable[22m
[2m    - element is not stable[22m
[2m  14 × retrying click action[22m
[2m       - waiting 500ms[22m
[2m       - waiting for element to be visible, enabled and stable[22m
[2m       - element is visible, enabled and stable[22m
[2m       - scrolling into view if needed[22m
[2m       - done scrolling[22m
[2m       - &lt;div class=&quot;absolute inset-0 bg-gradient-to-br from-orange-100 via-slate-100 to-red-100 rounded-3xl blur-xl opacity-70&quot;&gt;&lt;/div&gt; intercepts pointer events[22m
[2m     - retrying click action[22m
[2m       - waiting 500ms[22m
[2m       - waiting for element to be visible, enabled and stable[22m
[2m       - element is visible, enabled and stable[22m
[2m       - scrolling into view if needed[22m
[2m       - done scrolling[22m
[2m       - &lt;div class=&quot;absolute inset-0 bg-gradient-to-br from-orange-100 via-slate-100 to-red-100 rounded-3xl blur-xl opacity-70&quot;&gt;&lt;/div&gt; intercepts pointer events[22m
[2m     - retrying click action[22m
[2m       - waiting 500ms[22m
[2m       - waiting for element to be visible, enabled and stable[22m
[2m       - element is visible, enabled and stable[22m
[2m       - scrolling into view if needed[22m
[2m       - done scrolling[22m
[2m       - &lt;header class=&quot;fixed top-0 left-0 right-0 z-50 transition-all duration-300 bg-slate-900/95 backdrop-blur-xl border-b border-slate-800 py-3&quot;&gt;…&lt;/header&gt; intercepts pointer events[22m
[2m     - retrying click action[22m
[2m       - waiting 500ms[22m
[2m       - waiting for element to be visible, enabled and stable[22m
[2m       - element is visible, enabled and stable[22m
[2m       - scrolling into view if needed[22m
[2m       - done scrolling[22m
[2m       - &lt;header class=&quot;fixed top-0 left-0 right-0 z-50 transition-all duration-300 bg-slate-900/95 backdrop-blur-xl border-b border-slate-800 py-3&quot;&gt;…&lt;/header&gt; intercepts pointer events[22m
[2m  - retrying click action[22m
[2m    - waiting 500ms[22m
[2m    - waiting for element to be visible, enabled and stable[22m
[2m    - element is visible, enabled and stable[22m
[2m    - scrolling into view if needed[22m
[2m    - done scrolling[22m
[2m    - &lt;div class=&quot;absolute inset-0 bg-gradient-to-br from-orange-100 via-slate-100 to-red-100 rounded-3xl blur-xl opacity-70&quot;&gt;&lt;/div&gt; intercepts pointer events[22m
[2m  - retrying click action[22m
[2m    - waiting 500ms[22m

    at TestExecutor.executeStep (/Users/michal/Evergo/mike/executors/test-executor.ts:149:20)
    at TestExecutor.executeScenario (/Users/michal/Evergo/mike/executors/test-executor.ts:38:24)
    at async Mike.executeTests (/Users/michal/Evergo/mike/core/mike.ts:226:24)
    at async Mike.runFullSuite (/Users/michal/Evergo/mike/core/mike.ts:113:5)
    at async main (/Users/michal/Evergo/mike/cli.ts:160:25)</failure>
      
      
    </testcase>
    <testcase name="Click &quot;Button&quot; button on Home" time="94.39" classname="Mike.01e16d40-c518-4f5e-a9b6-70eee238a23f">
      <failure message="locator.waitFor: Timeout 30000ms exceeded.
Call log:
[2m  - waiting for locator(&apos;button:nth-child(4)&apos;).first() to be visible[22m
[2m    64 × locator resolved to hidden &lt;button aria-label=&quot;Toggle menu&quot; class=&quot;md:hidden p-2 rounded-lg transition-colors text-slate-700 hover:bg-slate-100&quot;&gt;…&lt;/button&gt;[22m
">locator.waitFor: Timeout 30000ms exceeded.
Call log:
[2m  - waiting for locator(&apos;button:nth-child(4)&apos;).first() to be visible[22m
[2m    64 × locator resolved to hidden &lt;button aria-label=&quot;Toggle menu&quot; class=&quot;md:hidden p-2 rounded-lg transition-colors text-slate-700 hover:bg-slate-100&quot;&gt;…&lt;/button&gt;[22m

    at TestExecutor.executeStep (/Users/michal/Evergo/mike/executors/test-executor.ts:218:30)
    at async TestExecutor.executeScenario (/Users/michal/Evergo/mike/executors/test-executor.ts:38:13)
    at async Mike.executeTests (/Users/michal/Evergo/mike/core/mike.ts:226:24)
    at async Mike.runFullSuite (/Users/michal/Evergo/mike/core/mike.ts:113:5)
    at async main (/Users/michal/Evergo/mike/cli.ts:160:25)</failure>
      
      
    </testcase>
    <testcase name="Click &quot;Previous testimonial&quot; button on Home" time="94.44" classname="Mike.070f5418-224f-40b7-8e9a-c7afdd313b1d">
      <failure message="page.click: Timeout 30000ms exceeded.
Call log:
[2m  - waiting for locator(&apos;button:nth-child(1)&apos;)[22m
[2m    - locator resolved to 3 elements. Proceeding with the first one: &lt;button class=&quot;h-2 rounded-full transition-all duration-300 w-8 bg-orange-500&quot;&gt;&lt;/button&gt;[22m
[2m  - attempting click action[22m
[2m    - waiting for element to be visible, enabled and stable[22m
[2m    - element is visible, enabled and stable[22m
[2m    - scrolling into view if needed[22m
[2m    - done scrolling[22m
[2m    - &lt;div class=&quot;absolute inset-0 bg-gradient-to-br from-orange-100 via-slate-100 to-red-100 rounded-3xl blur-xl opacity-70&quot;&gt;&lt;/div&gt; intercepts pointer events[22m
[2m  - retrying click action[22m
[2m    - waiting for element to be visible, enabled and stable[22m
[2m    - element is not stable[22m
[2m  - retrying click action[22m
[2m    - waiting 20ms[22m
[2m    2 × waiting for element to be visible, enabled and stable[22m
[2m      - element is not stable[22m
[2m    - retrying click action[22m
[2m      - waiting 100ms[22m
[2m    - waiting for element to be visible, enabled and stable[22m
[2m    - element is not stable[22m
[2m  14 × retrying click action[22m
[2m       - waiting 500ms[22m
[2m       - waiting for element to be visible, enabled and stable[22m
[2m       - element is visible, enabled and stable[22m
[2m       - scrolling into view if needed[22m
[2m       - done scrolling[22m
[2m       - &lt;div class=&quot;absolute inset-0 bg-gradient-to-br from-orange-100 via-slate-100 to-red-100 rounded-3xl blur-xl opacity-70&quot;&gt;&lt;/div&gt; intercepts pointer events[22m
[2m     - retrying click action[22m
[2m       - waiting 500ms[22m
[2m       - waiting for element to be visible, enabled and stable[22m
[2m       - element is visible, enabled and stable[22m
[2m       - scrolling into view if needed[22m
[2m       - done scrolling[22m
[2m       - &lt;div class=&quot;absolute inset-0 bg-gradient-to-br from-orange-100 via-slate-100 to-red-100 rounded-3xl blur-xl opacity-70&quot;&gt;&lt;/div&gt; intercepts pointer events[22m
[2m     - retrying click action[22m
[2m       - waiting 500ms[22m
[2m       - waiting for element to be visible, enabled and stable[22m
[2m       - element is visible, enabled and stable[22m
[2m       - scrolling into view if needed[22m
[2m       - done scrolling[22m
[2m       - &lt;header class=&quot;fixed top-0 left-0 right-0 z-50 transition-all duration-300 bg-slate-900/95 backdrop-blur-xl border-b border-slate-800 py-3&quot;&gt;…&lt;/header&gt; intercepts pointer events[22m
[2m     - retrying click action[22m
[2m       - waiting 500ms[22m
[2m       - waiting for element to be visible, enabled and stable[22m
[2m       - element is visible, enabled and stable[22m
[2m       - scrolling into view if needed[22m
[2m       - done scrolling[22m
[2m       - &lt;header class=&quot;fixed top-0 left-0 right-0 z-50 transition-all duration-300 bg-slate-900/95 backdrop-blur-xl border-b border-slate-800 py-3&quot;&gt;…&lt;/header&gt; intercepts pointer events[22m
[2m  - retrying click action[22m
[2m    - waiting 500ms[22m
[2m    - waiting for element to be visible, enabled and stable[22m
[2m    - element is visible, enabled and stable[22m
[2m    - scrolling into view if needed[22m
[2m    - done scrolling[22m
[2m    - &lt;div class=&quot;absolute inset-0 bg-gradient-to-br from-orange-100 via-slate-100 to-red-100 rounded-3xl blur-xl opacity-70&quot;&gt;&lt;/div&gt; intercepts pointer events[22m
[2m  - retrying click action[22m
[2m    - waiting 500ms[22m
">page.click: Timeout 30000ms exceeded.
Call log:
[2m  - waiting for locator(&apos;button:nth-child(1)&apos;)[22m
[2m    - locator resolved to 3 elements. Proceeding with the first one: &lt;button class=&quot;h-2 rounded-full transition-all duration-300 w-8 bg-orange-500&quot;&gt;&lt;/button&gt;[22m
[2m  - attempting click action[22m
[2m    - waiting for element to be visible, enabled and stable[22m
[2m    - element is visible, enabled and stable[22m
[2m    - scrolling into view if needed[22m
[2m    - done scrolling[22m
[2m    - &lt;div class=&quot;absolute inset-0 bg-gradient-to-br from-orange-100 via-slate-100 to-red-100 rounded-3xl blur-xl opacity-70&quot;&gt;&lt;/div&gt; intercepts pointer events[22m
[2m  - retrying click action[22m
[2m    - waiting for element to be visible, enabled and stable[22m
[2m    - element is not stable[22m
[2m  - retrying click action[22m
[2m    - waiting 20ms[22m
[2m    2 × waiting for element to be visible, enabled and stable[22m
[2m      - element is not stable[22m
[2m    - retrying click action[22m
[2m      - waiting 100ms[22m
[2m    - waiting for element to be visible, enabled and stable[22m
[2m    - element is not stable[22m
[2m  14 × retrying click action[22m
[2m       - waiting 500ms[22m
[2m       - waiting for element to be visible, enabled and stable[22m
[2m       - element is visible, enabled and stable[22m
[2m       - scrolling into view if needed[22m
[2m       - done scrolling[22m
[2m       - &lt;div class=&quot;absolute inset-0 bg-gradient-to-br from-orange-100 via-slate-100 to-red-100 rounded-3xl blur-xl opacity-70&quot;&gt;&lt;/div&gt; intercepts pointer events[22m
[2m     - retrying click action[22m
[2m       - waiting 500ms[22m
[2m       - waiting for element to be visible, enabled and stable[22m
[2m       - element is visible, enabled and stable[22m
[2m       - scrolling into view if needed[22m
[2m       - done scrolling[22m
[2m       - &lt;div class=&quot;absolute inset-0 bg-gradient-to-br from-orange-100 via-slate-100 to-red-100 rounded-3xl blur-xl opacity-70&quot;&gt;&lt;/div&gt; intercepts pointer events[22m
[2m     - retrying click action[22m
[2m       - waiting 500ms[22m
[2m       - waiting for element to be visible, enabled and stable[22m
[2m       - element is visible, enabled and stable[22m
[2m       - scrolling into view if needed[22m
[2m       - done scrolling[22m
[2m       - &lt;header class=&quot;fixed top-0 left-0 right-0 z-50 transition-all duration-300 bg-slate-900/95 backdrop-blur-xl border-b border-slate-800 py-3&quot;&gt;…&lt;/header&gt; intercepts pointer events[22m
[2m     - retrying click action[22m
[2m       - waiting 500ms[22m
[2m       - waiting for element to be visible, enabled and stable[22m
[2m       - element is visible, enabled and stable[22m
[2m       - scrolling into view if needed[22m
[2m       - done scrolling[22m
[2m       - &lt;header class=&quot;fixed top-0 left-0 right-0 z-50 transition-all duration-300 bg-slate-900/95 backdrop-blur-xl border-b border-slate-800 py-3&quot;&gt;…&lt;/header&gt; intercepts pointer events[22m
[2m  - retrying click action[22m
[2m    - waiting 500ms[22m
[2m    - waiting for element to be visible, enabled and stable[22m
[2m    - element is visible, enabled and stable[22m
[2m    - scrolling into view if needed[22m
[2m    - done scrolling[22m
[2m    - &lt;div class=&quot;absolute inset-0 bg-gradient-to-br from-orange-100 via-slate-100 to-red-100 rounded-3xl blur-xl opacity-70&quot;&gt;&lt;/div&gt; intercepts pointer events[22m
[2m  - retrying click action[22m
[2m    - waiting 500ms[22m

    at TestExecutor.executeStep (/Users/michal/Evergo/mike/executors/test-executor.ts:149:20)
    at TestExecutor.executeScenario (/Users/michal/Evergo/mike/executors/test-executor.ts:38:24)
    at async Mike.executeTests (/Users/michal/Evergo/mike/core/mike.ts:226:24)
    at async Mike.runFullSuite (/Users/michal/Evergo/mike/core/mike.ts:113:5)
    at async main (/Users/michal/Evergo/mike/cli.ts:160:25)</failure>
      
      
    </testcase>
    <testcase name="Click &quot;Next testimonial&quot; button on Home" time="94.41" classname="Mike.6ce612f4-0ff1-4df1-9a89-adfab1656f86">
      <failure message="page.click: Timeout 30000ms exceeded.
Call log:
[2m  - waiting for locator(&apos;button:nth-child(2)&apos;)[22m
[2m    - locator resolved to 4 elements. Proceeding with the first one: &lt;button class=&quot;h-2 rounded-full transition-all duration-300 w-2 bg-slate-300 hover:bg-slate-400&quot;&gt;&lt;/button&gt;[22m
[2m  - attempting click action[22m
[2m    - waiting for element to be visible, enabled and stable[22m
[2m    - element is visible, enabled and stable[22m
[2m    - scrolling into view if needed[22m
[2m    - done scrolling[22m
[2m    - &lt;div class=&quot;absolute inset-0 bg-gradient-to-br from-orange-100 via-slate-100 to-red-100 rounded-3xl blur-xl opacity-70&quot;&gt;&lt;/div&gt; intercepts pointer events[22m
[2m  - retrying click action[22m
[2m    - waiting for element to be visible, enabled and stable[22m
[2m    - element is not stable[22m
[2m  - retrying click action[22m
[2m    - waiting 20ms[22m
[2m    2 × waiting for element to be visible, enabled and stable[22m
[2m      - element is not stable[22m
[2m    - retrying click action[22m
[2m      - waiting 100ms[22m
[2m    - waiting for element to be visible, enabled and stable[22m
[2m    - element is not stable[22m
[2m  14 × retrying click action[22m
[2m       - waiting 500ms[22m
[2m       - waiting for element to be visible, enabled and stable[22m
[2m       - element is visible, enabled and stable[22m
[2m       - scrolling into view if needed[22m
[2m       - done scrolling[22m
[2m       - &lt;div class=&quot;absolute inset-0 bg-gradient-to-br from-orange-100 via-slate-100 to-red-100 rounded-3xl blur-xl opacity-70&quot;&gt;&lt;/div&gt; intercepts pointer events[22m
[2m     - retrying click action[22m
[2m       - waiting 500ms[22m
[2m       - waiting for element to be visible, enabled and stable[22m
[2m       - element is visible, enabled and stable[22m
[2m       - scrolling into view if needed[22m
[2m       - done scrolling[22m
[2m       - &lt;div class=&quot;absolute inset-0 bg-gradient-to-br from-orange-100 via-slate-100 to-red-100 rounded-3xl blur-xl opacity-70&quot;&gt;&lt;/div&gt; intercepts pointer events[22m
[2m     - retrying click action[22m
[2m       - waiting 500ms[22m
[2m       - waiting for element to be visible, enabled and stable[22m
[2m       - element is visible, enabled and stable[22m
[2m       - scrolling into view if needed[22m
[2m       - done scrolling[22m
[2m       - &lt;header class=&quot;fixed top-0 left-0 right-0 z-50 transition-all duration-300 bg-slate-900/95 backdrop-blur-xl border-b border-slate-800 py-3&quot;&gt;…&lt;/header&gt; intercepts pointer events[22m
[2m     - retrying click action[22m
[2m       - waiting 500ms[22m
[2m       - waiting for element to be visible, enabled and stable[22m
[2m       - element is visible, enabled and stable[22m
[2m       - scrolling into view if needed[22m
[2m       - done scrolling[22m
[2m       - &lt;header class=&quot;fixed top-0 left-0 right-0 z-50 transition-all duration-300 bg-slate-900/95 backdrop-blur-xl border-b border-slate-800 py-3&quot;&gt;…&lt;/header&gt; intercepts pointer events[22m
[2m  - retrying click action[22m
[2m    - waiting 500ms[22m
[2m    - waiting for element to be visible, enabled and stable[22m
[2m    - element is visible, enabled and stable[22m
[2m    - scrolling into view if needed[22m
[2m    - done scrolling[22m
[2m    - &lt;div class=&quot;absolute inset-0 bg-gradient-to-br from-orange-100 via-slate-100 to-red-100 rounded-3xl blur-xl opacity-70&quot;&gt;&lt;/div&gt; intercepts pointer events[22m
[2m  - retrying click action[22m
[2m    - waiting 500ms[22m
">page.click: Timeout 30000ms exceeded.
Call log:
[2m  - waiting for locator(&apos;button:nth-child(2)&apos;)[22m
[2m    - locator resolved to 4 elements. Proceeding with the first one: &lt;button class=&quot;h-2 rounded-full transition-all duration-300 w-2 bg-slate-300 hover:bg-slate-400&quot;&gt;&lt;/button&gt;[22m
[2m  - attempting click action[22m
[2m    - waiting for element to be visible, enabled and stable[22m
[2m    - element is visible, enabled and stable[22m
[2m    - scrolling into view if needed[22m
[2m    - done scrolling[22m
[2m    - &lt;div class=&quot;absolute inset-0 bg-gradient-to-br from-orange-100 via-slate-100 to-red-100 rounded-3xl blur-xl opacity-70&quot;&gt;&lt;/div&gt; intercepts pointer events[22m
[2m  - retrying click action[22m
[2m    - waiting for element to be visible, enabled and stable[22m
[2m    - element is not stable[22m
[2m  - retrying click action[22m
[2m    - waiting 20ms[22m
[2m    2 × waiting for element to be visible, enabled and stable[22m
[2m      - element is not stable[22m
[2m    - retrying click action[22m
[2m      - waiting 100ms[22m
[2m    - waiting for element to be visible, enabled and stable[22m
[2m    - element is not stable[22m
[2m  14 × retrying click action[22m
[2m       - waiting 500ms[22m
[2m       - waiting for element to be visible, enabled and stable[22m
[2m       - element is visible, enabled and stable[22m
[2m       - scrolling into view if needed[22m
[2m       - done scrolling[22m
[2m       - &lt;div class=&quot;absolute inset-0 bg-gradient-to-br from-orange-100 via-slate-100 to-red-100 rounded-3xl blur-xl opacity-70&quot;&gt;&lt;/div&gt; intercepts pointer events[22m
[2m     - retrying click action[22m
[2m       - waiting 500ms[22m
[2m       - waiting for element to be visible, enabled and stable[22m
[2m       - element is visible, enabled and stable[22m
[2m       - scrolling into view if needed[22m
[2m       - done scrolling[22m
[2m       - &lt;div class=&quot;absolute inset-0 bg-gradient-to-br from-orange-100 via-slate-100 to-red-100 rounded-3xl blur-xl opacity-70&quot;&gt;&lt;/div&gt; intercepts pointer events[22m
[2m     - retrying click action[22m
[2m       - waiting 500ms[22m
[2m       - waiting for element to be visible, enabled and stable[22m
[2m       - element is visible, enabled and stable[22m
[2m       - scrolling into view if needed[22m
[2m       - done scrolling[22m
[2m       - &lt;header class=&quot;fixed top-0 left-0 right-0 z-50 transition-all duration-300 bg-slate-900/95 backdrop-blur-xl border-b border-slate-800 py-3&quot;&gt;…&lt;/header&gt; intercepts pointer events[22m
[2m     - retrying click action[22m
[2m       - waiting 500ms[22m
[2m       - waiting for element to be visible, enabled and stable[22m
[2m       - element is visible, enabled and stable[22m
[2m       - scrolling into view if needed[22m
[2m       - done scrolling[22m
[2m       - &lt;header class=&quot;fixed top-0 left-0 right-0 z-50 transition-all duration-300 bg-slate-900/95 backdrop-blur-xl border-b border-slate-800 py-3&quot;&gt;…&lt;/header&gt; intercepts pointer events[22m
[2m  - retrying click action[22m
[2m    - waiting 500ms[22m
[2m    - waiting for element to be visible, enabled and stable[22m
[2m    - element is visible, enabled and stable[22m
[2m    - scrolling into view if needed[22m
[2m    - done scrolling[22m
[2m    - &lt;div class=&quot;absolute inset-0 bg-gradient-to-br from-orange-100 via-slate-100 to-red-100 rounded-3xl blur-xl opacity-70&quot;&gt;&lt;/div&gt; intercepts pointer events[22m
[2m  - retrying click action[22m
[2m    - waiting 500ms[22m

    at TestExecutor.executeStep (/Users/michal/Evergo/mike/executors/test-executor.ts:149:20)
    at TestExecutor.executeScenario (/Users/michal/Evergo/mike/executors/test-executor.ts:38:24)
    at async Mike.executeTests (/Users/michal/Evergo/mike/core/mike.ts:226:24)
    at async Mike.runFullSuite (/Users/michal/Evergo/mike/core/mike.ts:113:5)
    at async main (/Users/michal/Evergo/mike/cli.ts:160:25)</failure>
      
      
    </testcase>
    <testcase name="Click &quot;Go to testimonial 1&quot; button on Home" time="94.20" classname="Mike.34929178-389d-4f73-a83a-4eca517ed89d">
      <failure message="page.click: Timeout 30000ms exceeded.
Call log:
[2m  - waiting for locator(&apos;button:nth-child(1)&apos;)[22m
[2m    - locator resolved to 3 elements. Proceeding with the first one: &lt;button class=&quot;h-2 rounded-full transition-all duration-300 w-8 bg-orange-500&quot;&gt;&lt;/button&gt;[22m
[2m  - attempting click action[22m
[2m    - waiting for element to be visible, enabled and stable[22m
[2m    - element is visible, enabled and stable[22m
[2m    - scrolling into view if needed[22m
[2m    - done scrolling[22m
[2m    - &lt;div class=&quot;absolute inset-0 bg-gradient-to-br from-orange-100 via-slate-100 to-red-100 rounded-3xl blur-xl opacity-70&quot;&gt;&lt;/div&gt; intercepts pointer events[22m
[2m  - retrying click action[22m
[2m    - waiting for element to be visible, enabled and stable[22m
[2m    - element is not stable[22m
[2m  - retrying click action[22m
[2m    - waiting 20ms[22m
[2m    2 × waiting for element to be visible, enabled and stable[22m
[2m      - element is not stable[22m
[2m    - retrying click action[22m
[2m      - waiting 100ms[22m
[2m    - waiting for element to be visible, enabled and stable[22m
[2m    - element is not stable[22m
[2m  14 × retrying click action[22m
[2m       - waiting 500ms[22m
[2m       - waiting for element to be visible, enabled and stable[22m
[2m       - element is visible, enabled and stable[22m
[2m       - scrolling into view if needed[22m
[2m       - done scrolling[22m
[2m       - &lt;div class=&quot;absolute inset-0 bg-gradient-to-br from-orange-100 via-slate-100 to-red-100 rounded-3xl blur-xl opacity-70&quot;&gt;&lt;/div&gt; intercepts pointer events[22m
[2m     - retrying click action[22m
[2m       - waiting 500ms[22m
[2m       - waiting for element to be visible, enabled and stable[22m
[2m       - element is visible, enabled and stable[22m
[2m       - scrolling into view if needed[22m
[2m       - done scrolling[22m
[2m       - &lt;div class=&quot;absolute inset-0 bg-gradient-to-br from-orange-100 via-slate-100 to-red-100 rounded-3xl blur-xl opacity-70&quot;&gt;&lt;/div&gt; intercepts pointer events[22m
[2m     - retrying click action[22m
[2m       - waiting 500ms[22m
[2m       - waiting for element to be visible, enabled and stable[22m
[2m       - element is visible, enabled and stable[22m
[2m       - scrolling into view if needed[22m
[2m       - done scrolling[22m
[2m       - &lt;header class=&quot;fixed top-0 left-0 right-0 z-50 transition-all duration-300 bg-slate-900/95 backdrop-blur-xl border-b border-slate-800 py-3&quot;&gt;…&lt;/header&gt; intercepts pointer events[22m
[2m     - retrying click action[22m
[2m       - waiting 500ms[22m
[2m       - waiting for element to be visible, enabled and stable[22m
[2m       - element is visible, enabled and stable[22m
[2m       - scrolling into view if needed[22m
[2m       - done scrolling[22m
[2m       - &lt;header class=&quot;fixed top-0 left-0 right-0 z-50 transition-all duration-300 bg-slate-900/95 backdrop-blur-xl border-b border-slate-800 py-3&quot;&gt;…&lt;/header&gt; intercepts pointer events[22m
[2m  - retrying click action[22m
[2m    - waiting 500ms[22m
[2m    - waiting for element to be visible, enabled and stable[22m
[2m    - element is visible, enabled and stable[22m
[2m    - scrolling into view if needed[22m
[2m    - done scrolling[22m
[2m    - &lt;div class=&quot;absolute inset-0 bg-gradient-to-br from-orange-100 via-slate-100 to-red-100 rounded-3xl blur-xl opacity-70&quot;&gt;&lt;/div&gt; intercepts pointer events[22m
[2m  - retrying click action[22m
[2m    - waiting 500ms[22m
">page.click: Timeout 30000ms exceeded.
Call log:
[2m  - waiting for locator(&apos;button:nth-child(1)&apos;)[22m
[2m    - locator resolved to 3 elements. Proceeding with the first one: &lt;button class=&quot;h-2 rounded-full transition-all duration-300 w-8 bg-orange-500&quot;&gt;&lt;/button&gt;[22m
[2m  - attempting click action[22m
[2m    - waiting for element to be visible, enabled and stable[22m
[2m    - element is visible, enabled and stable[22m
[2m    - scrolling into view if needed[22m
[2m    - done scrolling[22m
[2m    - &lt;div class=&quot;absolute inset-0 bg-gradient-to-br from-orange-100 via-slate-100 to-red-100 rounded-3xl blur-xl opacity-70&quot;&gt;&lt;/div&gt; intercepts pointer events[22m
[2m  - retrying click action[22m
[2m    - waiting for element to be visible, enabled and stable[22m
[2m    - element is not stable[22m
[2m  - retrying click action[22m
[2m    - waiting 20ms[22m
[2m    2 × waiting for element to be visible, enabled and stable[22m
[2m      - element is not stable[22m
[2m    - retrying click action[22m
[2m      - waiting 100ms[22m
[2m    - waiting for element to be visible, enabled and stable[22m
[2m    - element is not stable[22m
[2m  14 × retrying click action[22m
[2m       - waiting 500ms[22m
[2m       - waiting for element to be visible, enabled and stable[22m
[2m       - element is visible, enabled and stable[22m
[2m       - scrolling into view if needed[22m
[2m       - done scrolling[22m
[2m       - &lt;div class=&quot;absolute inset-0 bg-gradient-to-br from-orange-100 via-slate-100 to-red-100 rounded-3xl blur-xl opacity-70&quot;&gt;&lt;/div&gt; intercepts pointer events[22m
[2m     - retrying click action[22m
[2m       - waiting 500ms[22m
[2m       - waiting for element to be visible, enabled and stable[22m
[2m       - element is visible, enabled and stable[22m
[2m       - scrolling into view if needed[22m
[2m       - done scrolling[22m
[2m       - &lt;div class=&quot;absolute inset-0 bg-gradient-to-br from-orange-100 via-slate-100 to-red-100 rounded-3xl blur-xl opacity-70&quot;&gt;&lt;/div&gt; intercepts pointer events[22m
[2m     - retrying click action[22m
[2m       - waiting 500ms[22m
[2m       - waiting for element to be visible, enabled and stable[22m
[2m       - element is visible, enabled and stable[22m
[2m       - scrolling into view if needed[22m
[2m       - done scrolling[22m
[2m       - &lt;header class=&quot;fixed top-0 left-0 right-0 z-50 transition-all duration-300 bg-slate-900/95 backdrop-blur-xl border-b border-slate-800 py-3&quot;&gt;…&lt;/header&gt; intercepts pointer events[22m
[2m     - retrying click action[22m
[2m       - waiting 500ms[22m
[2m       - waiting for element to be visible, enabled and stable[22m
[2m       - element is visible, enabled and stable[22m
[2m       - scrolling into view if needed[22m
[2m       - done scrolling[22m
[2m       - &lt;header class=&quot;fixed top-0 left-0 right-0 z-50 transition-all duration-300 bg-slate-900/95 backdrop-blur-xl border-b border-slate-800 py-3&quot;&gt;…&lt;/header&gt; intercepts pointer events[22m
[2m  - retrying click action[22m
[2m    - waiting 500ms[22m
[2m    - waiting for element to be visible, enabled and stable[22m
[2m    - element is visible, enabled and stable[22m
[2m    - scrolling into view if needed[22m
[2m    - done scrolling[22m
[2m    - &lt;div class=&quot;absolute inset-0 bg-gradient-to-br from-orange-100 via-slate-100 to-red-100 rounded-3xl blur-xl opacity-70&quot;&gt;&lt;/div&gt; intercepts pointer events[22m
[2m  - retrying click action[22m
[2m    - waiting 500ms[22m

    at TestExecutor.executeStep (/Users/michal/Evergo/mike/executors/test-executor.ts:149:20)
    at TestExecutor.executeScenario (/Users/michal/Evergo/mike/executors/test-executor.ts:38:24)
    at async Mike.executeTests (/Users/michal/Evergo/mike/core/mike.ts:226:24)
    at async Mike.runFullSuite (/Users/michal/Evergo/mike/core/mike.ts:113:5)
    at async main (/Users/michal/Evergo/mike/cli.ts:160:25)</failure>
      
      
    </testcase>
    <testcase name="Click &quot;Go to testimonial 2&quot; button on Home" time="94.25" classname="Mike.f958c0d1-081c-49b7-a5a2-f61c3c145465">
      <failure message="page.click: Timeout 30000ms exceeded.
Call log:
[2m  - waiting for locator(&apos;button:nth-child(2)&apos;)[22m
[2m    - locator resolved to 4 elements. Proceeding with the first one: &lt;button class=&quot;h-2 rounded-full transition-all duration-300 w-2 bg-slate-300 hover:bg-slate-400&quot;&gt;&lt;/button&gt;[22m
[2m  - attempting click action[22m
[2m    - waiting for element to be visible, enabled and stable[22m
[2m    - element is visible, enabled and stable[22m
[2m    - scrolling into view if needed[22m
[2m    - done scrolling[22m
[2m    - &lt;div class=&quot;absolute inset-0 bg-gradient-to-br from-orange-100 via-slate-100 to-red-100 rounded-3xl blur-xl opacity-70&quot;&gt;&lt;/div&gt; intercepts pointer events[22m
[2m  - retrying click action[22m
[2m    - waiting for element to be visible, enabled and stable[22m
[2m    - element is not stable[22m
[2m  - retrying click action[22m
[2m    - waiting 20ms[22m
[2m    2 × waiting for element to be visible, enabled and stable[22m
[2m      - element is not stable[22m
[2m    - retrying click action[22m
[2m      - waiting 100ms[22m
[2m    - waiting for element to be visible, enabled and stable[22m
[2m    - element is not stable[22m
[2m  14 × retrying click action[22m
[2m       - waiting 500ms[22m
[2m       - waiting for element to be visible, enabled and stable[22m
[2m       - element is visible, enabled and stable[22m
[2m       - scrolling into view if needed[22m
[2m       - done scrolling[22m
[2m       - &lt;div class=&quot;absolute inset-0 bg-gradient-to-br from-orange-100 via-slate-100 to-red-100 rounded-3xl blur-xl opacity-70&quot;&gt;&lt;/div&gt; intercepts pointer events[22m
[2m     - retrying click action[22m
[2m       - waiting 500ms[22m
[2m       - waiting for element to be visible, enabled and stable[22m
[2m       - element is visible, enabled and stable[22m
[2m       - scrolling into view if needed[22m
[2m       - done scrolling[22m
[2m       - &lt;div class=&quot;absolute inset-0 bg-gradient-to-br from-orange-100 via-slate-100 to-red-100 rounded-3xl blur-xl opacity-70&quot;&gt;&lt;/div&gt; intercepts pointer events[22m
[2m     - retrying click action[22m
[2m       - waiting 500ms[22m
[2m       - waiting for element to be visible, enabled and stable[22m
[2m       - element is visible, enabled and stable[22m
[2m       - scrolling into view if needed[22m
[2m       - done scrolling[22m
[2m       - &lt;header class=&quot;fixed top-0 left-0 right-0 z-50 transition-all duration-300 bg-slate-900/95 backdrop-blur-xl border-b border-slate-800 py-3&quot;&gt;…&lt;/header&gt; intercepts pointer events[22m
[2m     - retrying click action[22m
[2m       - waiting 500ms[22m
[2m       - waiting for element to be visible, enabled and stable[22m
[2m       - element is visible, enabled and stable[22m
[2m       - scrolling into view if needed[22m
[2m       - done scrolling[22m
[2m       - &lt;header class=&quot;fixed top-0 left-0 right-0 z-50 transition-all duration-300 bg-slate-900/95 backdrop-blur-xl border-b border-slate-800 py-3&quot;&gt;…&lt;/header&gt; intercepts pointer events[22m
[2m  - retrying click action[22m
[2m    - waiting 500ms[22m
[2m    - waiting for element to be visible, enabled and stable[22m
[2m    - element is visible, enabled and stable[22m
[2m    - scrolling into view if needed[22m
[2m    - done scrolling[22m
[2m    - &lt;div class=&quot;absolute inset-0 bg-gradient-to-br from-orange-100 via-slate-100 to-red-100 rounded-3xl blur-xl opacity-70&quot;&gt;&lt;/div&gt; intercepts pointer events[22m
[2m  - retrying click action[22m
[2m    - waiting 500ms[22m
">page.click: Timeout 30000ms exceeded.
Call log:
[2m  - waiting for locator(&apos;button:nth-child(2)&apos;)[22m
[2m    - locator resolved to 4 elements. Proceeding with the first one: &lt;button class=&quot;h-2 rounded-full transition-all duration-300 w-2 bg-slate-300 hover:bg-slate-400&quot;&gt;&lt;/button&gt;[22m
[2m  - attempting click action[22m
[2m    - waiting for element to be visible, enabled and stable[22m
[2m    - element is visible, enabled and stable[22m
[2m    - scrolling into view if needed[22m
[2m    - done scrolling[22m
[2m    - &lt;div class=&quot;absolute inset-0 bg-gradient-to-br from-orange-100 via-slate-100 to-red-100 rounded-3xl blur-xl opacity-70&quot;&gt;&lt;/div&gt; intercepts pointer events[22m
[2m  - retrying click action[22m
[2m    - waiting for element to be visible, enabled and stable[22m
[2m    - element is not stable[22m
[2m  - retrying click action[22m
[2m    - waiting 20ms[22m
[2m    2 × waiting for element to be visible, enabled and stable[22m
[2m      - element is not stable[22m
[2m    - retrying click action[22m
[2m      - waiting 100ms[22m
[2m    - waiting for element to be visible, enabled and stable[22m
[2m    - element is not stable[22m
[2m  14 × retrying click action[22m
[2m       - waiting 500ms[22m
[2m       - waiting for element to be visible, enabled and stable[22m
[2m       - element is visible, enabled and stable[22m
[2m       - scrolling into view if needed[22m
[2m       - done scrolling[22m
[2m       - &lt;div class=&quot;absolute inset-0 bg-gradient-to-br from-orange-100 via-slate-100 to-red-100 rounded-3xl blur-xl opacity-70&quot;&gt;&lt;/div&gt; intercepts pointer events[22m
[2m     - retrying click action[22m
[2m       - waiting 500ms[22m
[2m       - waiting for element to be visible, enabled and stable[22m
[2m       - element is visible, enabled and stable[22m
[2m       - scrolling into view if needed[22m
[2m       - done scrolling[22m
[2m       - &lt;div class=&quot;absolute inset-0 bg-gradient-to-br from-orange-100 via-slate-100 to-red-100 rounded-3xl blur-xl opacity-70&quot;&gt;&lt;/div&gt; intercepts pointer events[22m
[2m     - retrying click action[22m
[2m       - waiting 500ms[22m
[2m       - waiting for element to be visible, enabled and stable[22m
[2m       - element is visible, enabled and stable[22m
[2m       - scrolling into view if needed[22m
[2m       - done scrolling[22m
[2m       - &lt;header class=&quot;fixed top-0 left-0 right-0 z-50 transition-all duration-300 bg-slate-900/95 backdrop-blur-xl border-b border-slate-800 py-3&quot;&gt;…&lt;/header&gt; intercepts pointer events[22m
[2m     - retrying click action[22m
[2m       - waiting 500ms[22m
[2m       - waiting for element to be visible, enabled and stable[22m
[2m       - element is visible, enabled and stable[22m
[2m       - scrolling into view if needed[22m
[2m       - done scrolling[22m
[2m       - &lt;header class=&quot;fixed top-0 left-0 right-0 z-50 transition-all duration-300 bg-slate-900/95 backdrop-blur-xl border-b border-slate-800 py-3&quot;&gt;…&lt;/header&gt; intercepts pointer events[22m
[2m  - retrying click action[22m
[2m    - waiting 500ms[22m
[2m    - waiting for element to be visible, enabled and stable[22m
[2m    - element is visible, enabled and stable[22m
[2m    - scrolling into view if needed[22m
[2m    - done scrolling[22m
[2m    - &lt;div class=&quot;absolute inset-0 bg-gradient-to-br from-orange-100 via-slate-100 to-red-100 rounded-3xl blur-xl opacity-70&quot;&gt;&lt;/div&gt; intercepts pointer events[22m
[2m  - retrying click action[22m
[2m    - waiting 500ms[22m

    at TestExecutor.executeStep (/Users/michal/Evergo/mike/executors/test-executor.ts:149:20)
    at TestExecutor.executeScenario (/Users/michal/Evergo/mike/executors/test-executor.ts:38:24)
    at async Mike.executeTests (/Users/michal/Evergo/mike/core/mike.ts:226:24)
    at async Mike.runFullSuite (/Users/michal/Evergo/mike/core/mike.ts:113:5)
    at async main (/Users/michal/Evergo/mike/cli.ts:160:25)</failure>
      
      
    </testcase>
    <testcase name="Click &quot;Go to testimonial 3&quot; button on Home" time="94.76" classname="Mike.619f5873-ecd7-40e4-b5ac-288e08c01c8d">
      <failure message="page.click: Timeout 30000ms exceeded.
Call log:
[2m  - waiting for locator(&apos;button:nth-child(3)&apos;)[22m
[2m    - locator resolved to 3 elements. Proceeding with the first one: &lt;button class=&quot;h-2 rounded-full transition-all duration-300 w-2 bg-slate-300 hover:bg-slate-400&quot;&gt;&lt;/button&gt;[22m
[2m  - attempting click action[22m
[2m    - waiting for element to be visible, enabled and stable[22m
[2m    - element is visible, enabled and stable[22m
[2m    - scrolling into view if needed[22m
[2m    - done scrolling[22m
[2m    - &lt;div class=&quot;absolute inset-0 bg-gradient-to-br from-orange-100 via-slate-100 to-red-100 rounded-3xl blur-xl opacity-70&quot;&gt;&lt;/div&gt; intercepts pointer events[22m
[2m  - retrying click action[22m
[2m    - waiting for element to be visible, enabled and stable[22m
[2m    - element is not stable[22m
[2m  - retrying click action[22m
[2m    - waiting 20ms[22m
[2m    2 × waiting for element to be visible, enabled and stable[22m
[2m      - element is not stable[22m
[2m    - retrying click action[22m
[2m      - waiting 100ms[22m
[2m    - waiting for element to be visible, enabled and stable[22m
[2m    - element is not stable[22m
[2m  14 × retrying click action[22m
[2m       - waiting 500ms[22m
[2m       - waiting for element to be visible, enabled and stable[22m
[2m       - element is visible, enabled and stable[22m
[2m       - scrolling into view if needed[22m
[2m       - done scrolling[22m
[2m       - &lt;div class=&quot;absolute inset-0 bg-gradient-to-br from-orange-100 via-slate-100 to-red-100 rounded-3xl blur-xl opacity-70&quot;&gt;&lt;/div&gt; intercepts pointer events[22m
[2m     - retrying click action[22m
[2m       - waiting 500ms[22m
[2m       - waiting for element to be visible, enabled and stable[22m
[2m       - element is visible, enabled and stable[22m
[2m       - scrolling into view if needed[22m
[2m       - done scrolling[22m
[2m       - &lt;div class=&quot;absolute inset-0 bg-gradient-to-br from-orange-100 via-slate-100 to-red-100 rounded-3xl blur-xl opacity-70&quot;&gt;&lt;/div&gt; intercepts pointer events[22m
[2m     - retrying click action[22m
[2m       - waiting 500ms[22m
[2m       - waiting for element to be visible, enabled and stable[22m
[2m       - element is visible, enabled and stable[22m
[2m       - scrolling into view if needed[22m
[2m       - done scrolling[22m
[2m       - &lt;header class=&quot;fixed top-0 left-0 right-0 z-50 transition-all duration-300 bg-slate-900/95 backdrop-blur-xl border-b border-slate-800 py-3&quot;&gt;…&lt;/header&gt; intercepts pointer events[22m
[2m     - retrying click action[22m
[2m       - waiting 500ms[22m
[2m       - waiting for element to be visible, enabled and stable[22m
[2m       - element is visible, enabled and stable[22m
[2m       - scrolling into view if needed[22m
[2m       - done scrolling[22m
[2m       - &lt;header class=&quot;fixed top-0 left-0 right-0 z-50 transition-all duration-300 bg-slate-900/95 backdrop-blur-xl border-b border-slate-800 py-3&quot;&gt;…&lt;/header&gt; intercepts pointer events[22m
[2m  - retrying click action[22m
[2m    - waiting 500ms[22m
[2m    - waiting for element to be visible, enabled and stable[22m
[2m    - element is visible, enabled and stable[22m
[2m    - scrolling into view if needed[22m
[2m    - done scrolling[22m
[2m    - &lt;div class=&quot;absolute inset-0 bg-gradient-to-br from-orange-100 via-slate-100 to-red-100 rounded-3xl blur-xl opacity-70&quot;&gt;&lt;/div&gt; intercepts pointer events[22m
[2m  - retrying click action[22m
[2m    - waiting 500ms[22m
">page.click: Timeout 30000ms exceeded.
Call log:
[2m  - waiting for locator(&apos;button:nth-child(3)&apos;)[22m
[2m    - locator resolved to 3 elements. Proceeding with the first one: &lt;button class=&quot;h-2 rounded-full transition-all duration-300 w-2 bg-slate-300 hover:bg-slate-400&quot;&gt;&lt;/button&gt;[22m
[2m  - attempting click action[22m
[2m    - waiting for element to be visible, enabled and stable[22m
[2m    - element is visible, enabled and stable[22m
[2m    - scrolling into view if needed[22m
[2m    - done scrolling[22m
[2m    - &lt;div class=&quot;absolute inset-0 bg-gradient-to-br from-orange-100 via-slate-100 to-red-100 rounded-3xl blur-xl opacity-70&quot;&gt;&lt;/div&gt; intercepts pointer events[22m
[2m  - retrying click action[22m
[2m    - waiting for element to be visible, enabled and stable[22m
[2m    - element is not stable[22m
[2m  - retrying click action[22m
[2m    - waiting 20ms[22m
[2m    2 × waiting for element to be visible, enabled and stable[22m
[2m      - element is not stable[22m
[2m    - retrying click action[22m
[2m      - waiting 100ms[22m
[2m    - waiting for element to be visible, enabled and stable[22m
[2m    - element is not stable[22m
[2m  14 × retrying click action[22m
[2m       - waiting 500ms[22m
[2m       - waiting for element to be visible, enabled and stable[22m
[2m       - element is visible, enabled and stable[22m
[2m       - scrolling into view if needed[22m
[2m       - done scrolling[22m
[2m       - &lt;div class=&quot;absolute inset-0 bg-gradient-to-br from-orange-100 via-slate-100 to-red-100 rounded-3xl blur-xl opacity-70&quot;&gt;&lt;/div&gt; intercepts pointer events[22m
[2m     - retrying click action[22m
[2m       - waiting 500ms[22m
[2m       - waiting for element to be visible, enabled and stable[22m
[2m       - element is visible, enabled and stable[22m
[2m       - scrolling into view if needed[22m
[2m       - done scrolling[22m
[2m       - &lt;div class=&quot;absolute inset-0 bg-gradient-to-br from-orange-100 via-slate-100 to-red-100 rounded-3xl blur-xl opacity-70&quot;&gt;&lt;/div&gt; intercepts pointer events[22m
[2m     - retrying click action[22m
[2m       - waiting 500ms[22m
[2m       - waiting for element to be visible, enabled and stable[22m
[2m       - element is visible, enabled and stable[22m
[2m       - scrolling into view if needed[22m
[2m       - done scrolling[22m
[2m       - &lt;header class=&quot;fixed top-0 left-0 right-0 z-50 transition-all duration-300 bg-slate-900/95 backdrop-blur-xl border-b border-slate-800 py-3&quot;&gt;…&lt;/header&gt; intercepts pointer events[22m
[2m     - retrying click action[22m
[2m       - waiting 500ms[22m
[2m       - waiting for element to be visible, enabled and stable[22m
[2m       - element is visible, enabled and stable[22m
[2m       - scrolling into view if needed[22m
[2m       - done scrolling[22m
[2m       - &lt;header class=&quot;fixed top-0 left-0 right-0 z-50 transition-all duration-300 bg-slate-900/95 backdrop-blur-xl border-b border-slate-800 py-3&quot;&gt;…&lt;/header&gt; intercepts pointer events[22m
[2m  - retrying click action[22m
[2m    - waiting 500ms[22m
[2m    - waiting for element to be visible, enabled and stable[22m
[2m    - element is visible, enabled and stable[22m
[2m    - scrolling into view if needed[22m
[2m    - done scrolling[22m
[2m    - &lt;div class=&quot;absolute inset-0 bg-gradient-to-br from-orange-100 via-slate-100 to-red-100 rounded-3xl blur-xl opacity-70&quot;&gt;&lt;/div&gt; intercepts pointer events[22m
[2m  - retrying click action[22m
[2m    - waiting 500ms[22m

    at TestExecutor.executeStep (/Users/michal/Evergo/mike/executors/test-executor.ts:149:20)
    at TestExecutor.executeScenario (/Users/michal/Evergo/mike/executors/test-executor.ts:38:24)
    at async Mike.executeTests (/Users/michal/Evergo/mike/core/mike.ts:226:24)
    at async Mike.runFullSuite (/Users/michal/Evergo/mike/core/mike.ts:113:5)
    at async main (/Users/michal/Evergo/mike/cli.ts:160:25)</failure>
      
      
    </testcase>
    <testcase name="Click &quot;Go to testimonial 4&quot; button on Home" time="94.25" classname="Mike.e7bee77f-84c9-46cc-a89f-a606e0b13bda">
      <failure message="locator.waitFor: Timeout 30000ms exceeded.
Call log:
[2m  - waiting for locator(&apos;button:nth-child(4)&apos;).first() to be visible[22m
[2m    65 × locator resolved to hidden &lt;button aria-label=&quot;Toggle menu&quot; class=&quot;md:hidden p-2 rounded-lg transition-colors text-slate-700 hover:bg-slate-100&quot;&gt;…&lt;/button&gt;[22m
">locator.waitFor: Timeout 30000ms exceeded.
Call log:
[2m  - waiting for locator(&apos;button:nth-child(4)&apos;).first() to be visible[22m
[2m    65 × locator resolved to hidden &lt;button aria-label=&quot;Toggle menu&quot; class=&quot;md:hidden p-2 rounded-lg transition-colors text-slate-700 hover:bg-slate-100&quot;&gt;…&lt;/button&gt;[22m

    at TestExecutor.executeStep (/Users/michal/Evergo/mike/executors/test-executor.ts:218:30)
    at async TestExecutor.executeScenario (/Users/michal/Evergo/mike/executors/test-executor.ts:38:13)
    at async Mike.executeTests (/Users/michal/Evergo/mike/core/mike.ts:226:24)
    at async Mike.runFullSuite (/Users/michal/Evergo/mike/core/mike.ts:113:5)
    at async main (/Users/michal/Evergo/mike/cli.ts:160:25)</failure>
      
      
    </testcase>
    <testcase name="Click &quot;Go to testimonial 5&quot; button on Home" time="2.78" classname="Mike.55543cf3-e641-448f-b545-36106574e85e">
      
      
      
    </testcase>
    <testcase name="Click &quot;Notify Me&quot; button on Home" time="2.39" classname="Mike.b64e9d0d-2b17-4be0-92bd-e006de5dde8a">
      
      
      
    </testcase>
    <testcase name="Click &quot;Search...
⌘
K&quot; button on Login" time="4.10" classname="Mike.b27bcd8a-6ba1-4927-89fc-8ba8f4e7ba7c">
      <failure message="locator.waitFor: Unsupported token &quot;BADSTRING&quot; while parsing css selector &quot;button:has-text(&quot;Search...
⌘
K&quot;)&quot;. Did you mean to CSS.escape it?
Call log:
[2m  - waiting for button:has-text(&quot;Search...[22m
[2m⌘[22m
[2mK&quot;) &gt;&gt; nth=0 to be visible[22m
">locator.waitFor: Unsupported token &quot;BADSTRING&quot; while parsing css selector &quot;button:has-text(&quot;Search...
⌘
K&quot;)&quot;. Did you mean to CSS.escape it?
Call log:
[2m  - waiting for button:has-text(&quot;Search...[22m
[2m⌘[22m
[2mK&quot;) &gt;&gt; nth=0 to be visible[22m

    at TestExecutor.executeStep (/Users/michal/Evergo/mike/executors/test-executor.ts:218:30)
    at async TestExecutor.executeScenario (/Users/michal/Evergo/mike/executors/test-executor.ts:38:13)
    at async Mike.executeTests (/Users/michal/Evergo/mike/core/mike.ts:226:24)
    at async Mike.runFullSuite (/Users/michal/Evergo/mike/core/mike.ts:113:5)
    at async main (/Users/michal/Evergo/mike/cli.ts:160:25)</failure>
      
      
    </testcase>
    <testcase name="Click &quot;P&quot; button on Login" time="2.48" classname="Mike.c8e767be-9165-4ee4-84c6-d0820d4eba3e">
      
      
      
    </testcase>
    <testcase name="Click &quot;Sign In&quot; button on Login" time="2.61" classname="Mike.ac1c3df5-67e9-429c-ab35-462135cfdf58">
      
      
      
    </testcase>
    <testcase name="Click &quot;Google&quot; button on Login" time="2.59" classname="Mike.24845445-224e-4c53-a17e-5fee6ef9ee45">
      
      
      
    </testcase>
    <testcase name="Click &quot;Facebook&quot; button on Login" time="2.62" classname="Mike.5c2afeb3-52f9-4150-acc3-c0265c1afd9f">
      
      
      
    </testcase>
    <testcase name="Click &quot;Search...
⌘
K&quot; button on Register" time="4.12" classname="Mike.22f2be90-d594-4781-a553-c896cde579e7">
      <failure message="locator.waitFor: Unsupported token &quot;BADSTRING&quot; while parsing css selector &quot;button:has-text(&quot;Search...
⌘
K&quot;)&quot;. Did you mean to CSS.escape it?
Call log:
[2m  - waiting for button:has-text(&quot;Search...[22m
[2m⌘[22m
[2mK&quot;) &gt;&gt; nth=0 to be visible[22m
">locator.waitFor: Unsupported token &quot;BADSTRING&quot; while parsing css selector &quot;button:has-text(&quot;Search...
⌘
K&quot;)&quot;. Did you mean to CSS.escape it?
Call log:
[2m  - waiting for button:has-text(&quot;Search...[22m
[2m⌘[22m
[2mK&quot;) &gt;&gt; nth=0 to be visible[22m

    at TestExecutor.executeStep (/Users/michal/Evergo/mike/executors/test-executor.ts:218:30)
    at async TestExecutor.executeScenario (/Users/michal/Evergo/mike/executors/test-executor.ts:38:13)
    at async Mike.executeTests (/Users/michal/Evergo/mike/core/mike.ts:226:24)
    at async Mike.runFullSuite (/Users/michal/Evergo/mike/core/mike.ts:113:5)
    at async main (/Users/michal/Evergo/mike/cli.ts:160:25)</failure>
      
      
    </testcase>
    <testcase name="Click &quot;P&quot; button on Register" time="2.61" classname="Mike.912f76d3-a080-4ee5-9b0b-e5dbcff8b574">
      
      
      
    </testcase>
    <testcase name="Click &quot;Create Account&quot; button on Register" time="2.65" classname="Mike.327db3fd-d603-489c-84da-4dec5a607303">
      
      
      
    </testcase>
    <testcase name="Click &quot;Search...
⌘
K&quot; button on Home" time="26.55" classname="Mike.b0dfb03f-f359-4da3-ae13-661114caa7e6">
      <failure message="locator.waitFor: Unsupported token &quot;BADSTRING&quot; while parsing css selector &quot;button:has-text(&quot;Search...
⌘
K&quot;)&quot;. Did you mean to CSS.escape it?
Call log:
[2m  - waiting for button:has-text(&quot;Search...[22m
[2m⌘[22m
[2mK&quot;) &gt;&gt; nth=0 to be visible[22m
">locator.waitFor: Unsupported token &quot;BADSTRING&quot; while parsing css selector &quot;button:has-text(&quot;Search...
⌘
K&quot;)&quot;. Did you mean to CSS.escape it?
Call log:
[2m  - waiting for button:has-text(&quot;Search...[22m
[2m⌘[22m
[2mK&quot;) &gt;&gt; nth=0 to be visible[22m

    at TestExecutor.executeStep (/Users/michal/Evergo/mike/executors/test-executor.ts:218:30)
    at async TestExecutor.executeScenario (/Users/michal/Evergo/mike/executors/test-executor.ts:38:13)
    at async Mike.executeTests (/Users/michal/Evergo/mike/core/mike.ts:226:24)
    at async Mike.runFullSuite (/Users/michal/Evergo/mike/core/mike.ts:113:5)
    at async main (/Users/michal/Evergo/mike/cli.ts:160:25)</failure>
      
      
    </testcase>
    <testcase name="Click &quot;P&quot; button on Home" time="120.10" classname="Mike.5653a6d2-c3c2-40bf-997c-3b65c97edb60">
      <failure message="locator.waitFor: Timeout 30000ms exceeded.
Call log:
[2m  - waiting for locator(&apos;#radix-_r_0_&apos;).first() to be visible[22m
">locator.waitFor: Timeout 30000ms exceeded.
Call log:
[2m  - waiting for locator(&apos;#radix-_r_0_&apos;).first() to be visible[22m

    at TestExecutor.executeStep (/Users/michal/Evergo/mike/executors/test-executor.ts:218:30)
    at async TestExecutor.executeScenario (/Users/michal/Evergo/mike/executors/test-executor.ts:38:13)
    at async Mike.executeTests (/Users/michal/Evergo/mike/core/mike.ts:226:24)
    at async Mike.runFullSuite (/Users/michal/Evergo/mike/core/mike.ts:113:5)
    at async main (/Users/michal/Evergo/mike/cli.ts:160:25)</failure>
      
      
    </testcase>
    <testcase name="Click &quot;Log Your First Activity&quot; button on Home" time="13.39" classname="Mike.4edb1c89-0cb1-45ac-91f0-39e4b9b16d13">
      
      
      
    </testcase>
    <testcase name="Click &quot;Follow&quot; button on Home" time="13.71" classname="Mike.1d7552a4-3d51-4b1c-972f-88c068780ce7">
      
      
      
    </testcase>
    <testcase name="Click &quot;Follow&quot; button on Home" time="12.63" classname="Mike.33f197a4-5287-44cc-bfc9-ecc2fa17a24a">
      
      
      
    </testcase>
    <testcase name="Click &quot;Follow&quot; button on Home" time="12.83" classname="Mike.84f2b491-aba0-49c7-a8a3-2b52e37d66d8">
      
      
      
    </testcase>
    <testcase name="Click &quot;Discover More Athletes&quot; button on Home" time="12.93" classname="Mike.e0f09bc1-7985-4a10-9672-a31f7e480666">
      
      
      
    </testcase>
    <testcase name="Click &quot;Create&quot; button on Home" time="13.04" classname="Mike.10741df3-c631-4776-a8dc-4fbfbb796e0f">
      
      
      
    </testcase>
    <testcase name="Click &quot;Follow&quot; button on Home" time="13.52" classname="Mike.2cd731a6-b0b3-47a3-a270-ce9844d989a9">
      
      
      
    </testcase>
    <testcase name="Click &quot;Follow&quot; button on Home" time="13.44" classname="Mike.5f4d6dd0-fdc9-4aef-93ca-7de0daddcbf6">
      
      
      
    </testcase>
    <testcase name="Click &quot;Follow&quot; button on Home" time="13.13" classname="Mike.f1d9dbd9-7893-45a2-9fce-05e5a6c08fe5">
      
      
      
    </testcase>
    <testcase name="Click &quot;Search...
⌘
K&quot; button on Activity Create" time="6.44" classname="Mike.a44bc5b4-bae6-4bb6-89f7-50fd3014a209">
      <failure message="locator.waitFor: Unsupported token &quot;BADSTRING&quot; while parsing css selector &quot;button:has-text(&quot;Search...
⌘
K&quot;)&quot;. Did you mean to CSS.escape it?
Call log:
[2m  - waiting for button:has-text(&quot;Search...[22m
[2m⌘[22m
[2mK&quot;) &gt;&gt; nth=0 to be visible[22m
">locator.waitFor: Unsupported token &quot;BADSTRING&quot; while parsing css selector &quot;button:has-text(&quot;Search...
⌘
K&quot;)&quot;. Did you mean to CSS.escape it?
Call log:
[2m  - waiting for button:has-text(&quot;Search...[22m
[2m⌘[22m
[2mK&quot;) &gt;&gt; nth=0 to be visible[22m

    at TestExecutor.executeStep (/Users/michal/Evergo/mike/executors/test-executor.ts:218:30)
    at async TestExecutor.executeScenario (/Users/michal/Evergo/mike/executors/test-executor.ts:38:13)
    at async Mike.executeTests (/Users/michal/Evergo/mike/core/mike.ts:226:24)
    at async Mike.runFullSuite (/Users/michal/Evergo/mike/core/mike.ts:113:5)
    at async main (/Users/michal/Evergo/mike/cli.ts:160:25)</failure>
      
      
    </testcase>
    <testcase name="Click &quot;P&quot; button on Activity Create" time="3.21" classname="Mike.95f96285-8160-42df-90af-b25094992a3e">
      
      
      
    </testcase>
    <testcase name="Click &quot;Search all sports...&quot; button on Activity Create" time="3.24" classname="Mike.0df6a8fb-87a7-46fd-99af-ebe0060fb7c0">
      
      
      
    </testcase>
    <testcase name="Click &quot;Public
Everyone can see&quot; button on Activity Create" time="6.41" classname="Mike.4502d119-2d9a-493f-a094-ece796cce41e">
      <failure message="locator.waitFor: Unsupported token &quot;BADSTRING&quot; while parsing css selector &quot;button:has-text(&quot;Public
Everyone can see&quot;)&quot;. Did you mean to CSS.escape it?
Call log:
[2m  - waiting for button:has-text(&quot;Public[22m
[2mEveryone can see&quot;) &gt;&gt; nth=0 to be visible[22m
">locator.waitFor: Unsupported token &quot;BADSTRING&quot; while parsing css selector &quot;button:has-text(&quot;Public
Everyone can see&quot;)&quot;. Did you mean to CSS.escape it?
Call log:
[2m  - waiting for button:has-text(&quot;Public[22m
[2mEveryone can see&quot;) &gt;&gt; nth=0 to be visible[22m

    at TestExecutor.executeStep (/Users/michal/Evergo/mike/executors/test-executor.ts:218:30)
    at async TestExecutor.executeScenario (/Users/michal/Evergo/mike/executors/test-executor.ts:38:13)
    at async Mike.executeTests (/Users/michal/Evergo/mike/core/mike.ts:226:24)
    at async Mike.runFullSuite (/Users/michal/Evergo/mike/core/mike.ts:113:5)
    at async main (/Users/michal/Evergo/mike/cli.ts:160:25)</failure>
      
      
    </testcase>
    <testcase name="Click &quot;Followers
Only followers&quot; button on Activity Create" time="6.49" classname="Mike.4da0129c-a320-4aa0-8824-ca1ad286fa2f">
      <failure message="locator.waitFor: Unsupported token &quot;BADSTRING&quot; while parsing css selector &quot;button:has-text(&quot;Followers
Only followers&quot;)&quot;. Did you mean to CSS.escape it?
Call log:
[2m  - waiting for button:has-text(&quot;Followers[22m
[2mOnly followers&quot;) &gt;&gt; nth=0 to be visible[22m
">locator.waitFor: Unsupported token &quot;BADSTRING&quot; while parsing css selector &quot;button:has-text(&quot;Followers
Only followers&quot;)&quot;. Did you mean to CSS.escape it?
Call log:
[2m  - waiting for button:has-text(&quot;Followers[22m
[2mOnly followers&quot;) &gt;&gt; nth=0 to be visible[22m

    at TestExecutor.executeStep (/Users/michal/Evergo/mike/executors/test-executor.ts:218:30)
    at async TestExecutor.executeScenario (/Users/michal/Evergo/mike/executors/test-executor.ts:38:13)
    at async Mike.executeTests (/Users/michal/Evergo/mike/core/mike.ts:226:24)
    at async Mike.runFullSuite (/Users/michal/Evergo/mike/core/mike.ts:113:5)
    at async main (/Users/michal/Evergo/mike/cli.ts:160:25)</failure>
      
      
    </testcase>
    <testcase name="Click &quot;Private
[...]
    at async Mike.executeTests (/Users/michal/Evergo/mike/core/mike.ts:226:24)
    at async Mike.runFullSuite (/Users/michal/Evergo/mike/core/mike.ts:113:5)
    at async main (/Users/michal/Evergo/mike/cli.ts:160:25)</failure>
      
      
    </testcase>
    <testcase name="Click &quot;6
A
Admin
Prague
742
points&quot; link" time="6.85" classname="Mike.e2e74b75-e33e-4d19-8b49-036c33bc2af0">
      <failure message="Expected URL to contain &quot;/profile/admin@evergo.app&quot;. Actual: &quot;http://localhost:3000/rankings&quot;">Error: Expected URL to contain &quot;/profile/admin@evergo.app&quot;. Actual: &quot;http://localhost:3000/rankings&quot;
    at TestExecutor.verifyOutcome (/Users/michal/Evergo/mike/executors/test-executor.ts:381:19)
    at TestExecutor.executeScenario (/Users/michal/Evergo/mike/executors/test-executor.ts:75:20)
    at async Mike.executeTests (/Users/michal/Evergo/mike/core/mike.ts:226:24)
    at async Mike.runFullSuite (/Users/michal/Evergo/mike/core/mike.ts:113:5)
    at async main (/Users/michal/Evergo/mike/cli.ts:160:25)</failure>
      
      
    </testcase>
    <testcase name="Click &quot;7
Emma Chen
Prague
732
points&quot; link" time="6.70" classname="Mike.82bcaac7-1fc7-4f91-8a93-28b21c8c7238">
      <failure message="Expected URL to contain &quot;/profile/emma_endurance&quot;. Actual: &quot;http://localhost:3000/rankings&quot;">Error: Expected URL to contain &quot;/profile/emma_endurance&quot;. Actual: &quot;http://localhost:3000/rankings&quot;
    at TestExecutor.verifyOutcome (/Users/michal/Evergo/mike/executors/test-executor.ts:381:19)
    at TestExecutor.executeScenario (/Users/michal/Evergo/mike/executors/test-executor.ts:75:20)
    at async Mike.executeTests (/Users/michal/Evergo/mike/core/mike.ts:226:24)
    at async Mike.runFullSuite (/Users/michal/Evergo/mike/core/mike.ts:113:5)
    at async main (/Users/michal/Evergo/mike/cli.ts:160:25)</failure>
      
      
    </testcase>
    <testcase name="Click &quot;8
Lucas Brown
Ostrava
698
points&quot; link" time="6.78" classname="Mike.40ca2aa0-26b6-486d-9f6f-6b0d4fe6d535">
      <failure message="Expected URL to contain &quot;/profile/lucas_fast&quot;. Actual: &quot;http://localhost:3000/rankings&quot;">Error: Expected URL to contain &quot;/profile/lucas_fast&quot;. Actual: &quot;http://localhost:3000/rankings&quot;
    at TestExecutor.verifyOutcome (/Users/michal/Evergo/mike/executors/test-executor.ts:381:19)
    at TestExecutor.executeScenario (/Users/michal/Evergo/mike/executors/test-executor.ts:75:20)
    at async Mike.executeTests (/Users/michal/Evergo/mike/core/mike.ts:226:24)
    at async Mike.runFullSuite (/Users/michal/Evergo/mike/core/mike.ts:113:5)
    at async main (/Users/michal/Evergo/mike/cli.ts:160:25)</failure>
      
      
    </testcase>
    <testcase name="Click &quot;9
Anna Kowalski
Prague
678
points&quot; link" time="6.86" classname="Mike.d9a8d391-d580-46e9-88c6-459837678b7b">
      <failure message="Expected URL to contain &quot;/profile/anna_fit&quot;. Actual: &quot;http://localhost:3000/rankings&quot;">Error: Expected URL to contain &quot;/profile/anna_fit&quot;. Actual: &quot;http://localhost:3000/rankings&quot;
    at TestExecutor.verifyOutcome (/Users/michal/Evergo/mike/executors/test-executor.ts:381:19)
    at TestExecutor.executeScenario (/Users/michal/Evergo/mike/executors/test-executor.ts:75:20)
    at async Mike.executeTests (/Users/michal/Evergo/mike/core/mike.ts:226:24)
    at async Mike.runFullSuite (/Users/michal/Evergo/mike/core/mike.ts:113:5)
    at async main (/Users/michal/Evergo/mike/cli.ts:160:25)</failure>
      
      
    </testcase>
    <testcase name="Click &quot;10
David Kim
Prague
645
points&quot; link" time="6.58" classname="Mike.866b6def-7211-484f-95d4-cb9c36cf96bc">
      <failure message="Expected URL to contain &quot;/profile/david_speed&quot;. Actual: &quot;http://localhost:3000/rankings&quot;">Error: Expected URL to contain &quot;/profile/david_speed&quot;. Actual: &quot;http://localhost:3000/rankings&quot;
    at TestExecutor.verifyOutcome (/Users/michal/Evergo/mike/executors/test-executor.ts:381:19)
    at TestExecutor.executeScenario (/Users/michal/Evergo/mike/executors/test-executor.ts:75:20)
    at runNextTicks (node:internal/process/task_queues:65:5)
    at process.processImmediate (node:internal/timers:453:9)
    at process.callbackTrampoline (node:internal/async_hooks:130:17)
    at async Mike.executeTests (/Users/michal/Evergo/mike/core/mike.ts:226:24)
    at async Mike.runFullSuite (/Users/michal/Evergo/mike/core/mike.ts:113:5)
    at async main (/Users/michal/Evergo/mike/cli.ts:160:25)</failure>
      
      
    </testcase>
    <testcase name="Click &quot;11
Lisa Martinez
Brno
612
points&quot; link" time="6.86" classname="Mike.54512ede-3096-4b78-a80a-12cd0c04613f">
      <failure message="Expected URL to contain &quot;/profile/lisa_strong&quot;. Actual: &quot;http://localhost:3000/rankings&quot;">Error: Expected URL to contain &quot;/profile/lisa_strong&quot;. Actual: &quot;http://localhost:3000/rankings&quot;
    at TestExecutor.verifyOutcome (/Users/michal/Evergo/mike/executors/test-executor.ts:381:19)
    at TestExecutor.executeScenario (/Users/michal/Evergo/mike/executors/test-executor.ts:75:20)
    at async Mike.executeTests (/Users/michal/Evergo/mike/core/mike.ts:226:24)
    at async Mike.runFullSuite (/Users/michal/Evergo/mike/core/mike.ts:113:5)
    at async main (/Users/michal/Evergo/mike/cli.ts:160:25)</failure>
      
      
    </testcase>
    <testcase name="Click &quot;Create Team&quot; link" time="5.26" classname="Mike.9bebabac-16ad-400c-9f10-2726af8479a9">
      <failure message="Expected URL to contain &quot;/teams/create&quot;. Actual: &quot;http://localhost:3000/teams&quot;">Error: Expected URL to contain &quot;/teams/create&quot;. Actual: &quot;http://localhost:3000/teams&quot;
    at TestExecutor.verifyOutcome (/Users/michal/Evergo/mike/executors/test-executor.ts:381:19)
    at TestExecutor.executeScenario (/Users/michal/Evergo/mike/executors/test-executor.ts:75:20)
    at async Mike.executeTests (/Users/michal/Evergo/mike/core/mike.ts:226:24)
    at async Mike.runFullSuite (/Users/michal/Evergo/mike/core/mike.ts:113:5)
    at async main (/Users/michal/Evergo/mike/cli.ts:160:25)</failure>
      
      
    </testcase>
    <testcase name="Click &quot;Running
Brno Endurance Team
Brno
6
#33&quot; link" time="5.50" classname="Mike.63baaff2-abec-47f4-85a5-d0550518d32f">
      <failure message="Expected URL to contain &quot;/teams/brno-endurance&quot;. Actual: &quot;http://localhost:3000/teams&quot;">Error: Expected URL to contain &quot;/teams/brno-endurance&quot;. Actual: &quot;http://localhost:3000/teams&quot;
    at TestExecutor.verifyOutcome (/Users/michal/Evergo/mike/executors/test-executor.ts:381:19)
    at TestExecutor.executeScenario (/Users/michal/Evergo/mike/executors/test-executor.ts:75:20)
    at runNextTicks (node:internal/process/task_queues:65:5)
    at process.processImmediate (node:internal/timers:453:9)
    at process.callbackTrampoline (node:internal/async_hooks:130:17)
    at async Mike.executeTests (/Users/michal/Evergo/mike/core/mike.ts:226:24)
    at async Mike.runFullSuite (/Users/michal/Evergo/mike/core/mike.ts:113:5)
    at async main (/Users/michal/Evergo/mike/cli.ts:160:25)</failure>
      
      
    </testcase>
    <testcase name="Click &quot;Cycling
Czech Cycling Club
Prague
6
#55&quot; link" time="5.60" classname="Mike.f9459e21-23ff-4b46-a0f1-dcefd7f164ae">
      <failure message="Expected URL to contain &quot;/teams/czech-cycling-club&quot;. Actual: &quot;http://localhost:3000/teams&quot;">Error: Expected URL to contain &quot;/teams/czech-cycling-club&quot;. Actual: &quot;http://localhost:3000/teams&quot;
    at TestExecutor.verifyOutcome (/Users/michal/Evergo/mike/executors/test-executor.ts:381:19)
    at TestExecutor.executeScenario (/Users/michal/Evergo/mike/executors/test-executor.ts:75:20)
    at async Mike.executeTests (/Users/michal/Evergo/mike/core/mike.ts:226:24)
    at async Mike.runFullSuite (/Users/michal/Evergo/mike/core/mike.ts:113:5)
    at async main (/Users/michal/Evergo/mike/cli.ts:160:25)</failure>
      
      
    </testcase>
    <testcase name="Click &quot;Running
Prague Runners Elite
Prague
6
#100&quot; link" time="5.37" classname="Mike.f2706a0f-48fd-421f-8762-4aa3961f6932">
      <failure message="Expected URL to contain &quot;/teams/prague-runners-elite&quot;. Actual: &quot;http://localhost:3000/teams&quot;">Error: Expected URL to contain &quot;/teams/prague-runners-elite&quot;. Actual: &quot;http://localhost:3000/teams&quot;
    at TestExecutor.verifyOutcome (/Users/michal/Evergo/mike/executors/test-executor.ts:381:19)
    at TestExecutor.executeScenario (/Users/michal/Evergo/mike/executors/test-executor.ts:75:20)
    at async Mike.executeTests (/Users/michal/Evergo/mike/core/mike.ts:226:24)
    at async Mike.runFullSuite (/Users/michal/Evergo/mike/core/mike.ts:113:5)
    at async main (/Users/michal/Evergo/mike/cli.ts:160:25)</failure>
      
      
    </testcase>
    <testcase name="Click &quot;Profile

Name, bio, photos&quot; link" time="1.72" classname="Mike.a3ce26e1-8c85-4e05-a8f8-83c4521e1582">
      
      
      
    </testcase>
    <testcase name="Click &quot;Sports

Your sports &amp; skill levels&quot; link" time="4.68" classname="Mike.8a6c8a54-1b2c-4ee1-9732-ea9b4ef3187d">
      <failure message="Expected URL to contain &quot;/settings/sports&quot;. Actual: &quot;http://localhost:3000/settings/profile&quot;">Error: Expected URL to contain &quot;/settings/sports&quot;. Actual: &quot;http://localhost:3000/settings/profile&quot;
    at TestExecutor.verifyOutcome (/Users/michal/Evergo/mike/executors/test-executor.ts:381:19)
    at TestExecutor.executeScenario (/Users/michal/Evergo/mike/executors/test-executor.ts:75:20)
    at async Mike.executeTests (/Users/michal/Evergo/mike/core/mike.ts:226:24)
    at async Mike.runFullSuite (/Users/michal/Evergo/mike/core/mike.ts:113:5)
    at async main (/Users/michal/Evergo/mike/cli.ts:160:25)</failure>
      
      
    </testcase>
    <testcase name="Click &quot;Personal Bests

Manage your PBs &amp; records&quot; link" time="5.15" classname="Mike.ac66a52b-6fa3-4ba1-9545-e3289a34906d">
      <failure message="Expected URL to contain &quot;/settings/personal-bests&quot;. Actual: &quot;http://localhost:3000/settings/profile&quot;">Error: Expected URL to contain &quot;/settings/personal-bests&quot;. Actual: &quot;http://localhost:3000/settings/profile&quot;
    at TestExecutor.verifyOutcome (/Users/michal/Evergo/mike/executors/test-executor.ts:381:19)
    at TestExecutor.executeScenario (/Users/michal/Evergo/mike/executors/test-executor.ts:75:20)
    at runNextTicks (node:internal/process/task_queues:65:5)
    at process.processImmediate (node:internal/timers:453:9)
    at process.callbackTrampoline (node:internal/async_hooks:130:17)
    at async Mike.executeTests (/Users/michal/Evergo/mike/core/mike.ts:226:24)
    at async Mike.runFullSuite (/Users/michal/Evergo/mike/core/mike.ts:113:5)
    at async main (/Users/michal/Evergo/mike/cli.ts:160:25)</failure>
      
      
    </testcase>
    <testcase name="Click &quot;Subscription

Manage your plan&quot; link" time="4.79" classname="Mike.53b83145-4c57-4575-83bc-166c1b921ebb">
      <failure message="Expected URL to contain &quot;/settings/subscription&quot;. Actual: &quot;http://localhost:3000/settings/profile&quot;">Error: Expected URL to contain &quot;/settings/subscription&quot;. Actual: &quot;http://localhost:3000/settings/profile&quot;
    at TestExecutor.verifyOutcome (/Users/michal/Evergo/mike/executors/test-executor.ts:381:19)
    at TestExecutor.executeScenario (/Users/michal/Evergo/mike/executors/test-executor.ts:75:20)
    at async Mike.executeTests (/Users/michal/Evergo/mike/core/mike.ts:226:24)
    at async Mike.runFullSuite (/Users/michal/Evergo/mike/core/mike.ts:113:5)
    at async main (/Users/michal/Evergo/mike/cli.ts:160:25)</failure>
      
      
    </testcase>
    <testcase name="Click &quot;Notifications

Email &amp; push preferences&quot; link" time="5.19" classname="Mike.61fd8098-5f8c-4702-b0e1-91ac614bf277">
      <failure message="Expected URL to contain &quot;/notifications/settings&quot;. Actual: &quot;http://localhost:3000/settings/profile&quot;">Error: Expected URL to contain &quot;/notifications/settings&quot;. Actual: &quot;http://localhost:3000/settings/profile&quot;
    at TestExecutor.verifyOutcome (/Users/michal/Evergo/mike/executors/test-executor.ts:381:19)
    at TestExecutor.executeScenario (/Users/michal/Evergo/mike/executors/test-executor.ts:75:20)
    at async Mike.executeTests (/Users/michal/Evergo/mike/core/mike.ts:226:24)
    at async Mike.runFullSuite (/Users/michal/Evergo/mike/core/mike.ts:113:5)
    at async main (/Users/michal/Evergo/mike/cli.ts:160:25)</failure>
      
      
    </testcase>
    <testcase name="Click &quot;Account

Security &amp; privacy&quot; link" time="5.39" classname="Mike.a9863fb7-4671-455d-901d-8c782fefd21c">
      <failure message="Expected URL to contain &quot;/settings/account&quot;. Actual: &quot;http://localhost:3000/settings/profile&quot;">Error: Expected URL to contain &quot;/settings/account&quot;. Actual: &quot;http://localhost:3000/settings/profile&quot;
    at TestExecutor.verifyOutcome (/Users/michal/Evergo/mike/executors/test-executor.ts:381:19)
    at TestExecutor.executeScenario (/Users/michal/Evergo/mike/executors/test-executor.ts:75:20)
    at runNextTicks (node:internal/process/task_queues:65:5)
    at process.processImmediate (node:internal/timers:453:9)
    at process.callbackTrampoline (node:internal/async_hooks:130:17)
    at async Mike.executeTests (/Users/michal/Evergo/mike/core/mike.ts:226:24)
    at async Mike.runFullSuite (/Users/michal/Evergo/mike/core/mike.ts:113:5)
    at async main (/Users/michal/Evergo/mike/cli.ts:160:25)</failure>
      
      
    </testcase>
    <testcase name="Form on Login - valid data submission" time="1.44" classname="Mike.22f6d3ef-951a-45f0-bbf9-42a95be9cec1">
      
      
      
    </testcase>
    <testcase name="Form on Login - empty data submission" time="1.39" classname="Mike.fe1e7ca0-9fe7-4192-a879-fadfbf0155f1">
      
      
      
    </testcase>
    <testcase name="Form on Login - invalid data submission" time="1.46" classname="Mike.7b95f67d-0b90-4691-887b-8ca8bc2b9785">
      
      
      
    </testcase>
    <testcase name="Form on Register - valid data submission" time="1.58" classname="Mike.2c213a8a-48b9-4a6f-95c0-72d4bd5699c6">
      
      
      
    </testcase>
    <testcase name="Form on Register - empty data submission" time="1.43" classname="Mike.dccde640-0523-4b98-9d1a-233522c28214">
      
      
      
    </testcase>
    <testcase name="Form on Register - invalid data submission" time="1.48" classname="Mike.2780447e-9fd5-4891-8c5f-e2931491ed4b">
      
      
      
    </testcase>
    <testcase name="Form on Activity Create - valid data submission" time="2.51" classname="Mike.8c87039a-8664-47ee-bc8f-d96896974c70">
      
      
      
    </testcase>
    <testcase name="Form on Activity Create - empty data submission" time="2.31" classname="Mike.4b3497e2-53a1-4239-b0cb-6e2ea62c828b">
      
      
      
    </testcase>
    <testcase name="Form on Activity Create - invalid data submission" time="2.71" classname="Mike.259742e8-a06e-4b07-a0ab-8f9a7d90a248">
      
      
      
    </testcase>
    <testcase name="Form on Settings - valid data submission" time="31.66" classname="Mike.569b4801-f51e-4a14-a8a3-d693114d0d73">
      
      
      
    </testcase>
    <testcase name="Form on Settings - empty data submission" time="1.53" classname="Mike.2f825c29-f61a-498e-b791-1a582fe4137c">
      
      
      
    </testcase>
    <testcase name="Form on Settings - invalid data submission" time="1.81" classname="Mike.bdadb5cc-e361-4c8b-9aac-058a1ef6ca05">
      
      
      
    </testcase>
    <testcase name="Test email input on Home" time="2.10" classname="Mike.e7973f7b-563a-4f59-91d2-c5a4af378f9b">
      
      
      
    </testcase>
    <testcase name="Test email input on Login" time="1.54" classname="Mike.3de6ce54-125e-4d16-bfc9-3e80acb5dc92">
      
      
      
    </testcase>
    <testcase name="Test password input on Login" time="1.53" classname="Mike.3f81b69d-6807-4017-a05a-2dcca6e37bc4">
      
      
      
    </testcase>
    <testcase name="Test email input on Register" time="1.53" classname="Mike.f23c8ce6-f38d-4ae2-a712-90890b57b989">
      
      
      
    </testcase>
    <testcase name="Test password input on Register" time="1.52" classname="Mike.c1bff464-e83b-4bb4-b0b4-6edcd4d74086">
      
      
      
    </testcase>
    <testcase name="Test password input on Register" time="1.55" classname="Mike.4152e380-aed8-4e16-bf2b-f76b9b68ff74">
      
      
      
    </testcase>
    <testcase name="Test distanceKm input on Activity Create" time="2.35" classname="Mike.937d8898-c82f-4c65-9267-80a20e02ad38">
      
      
      
    </testcase>
    <testcase name="Test durationMinutes input on Activity Create" time="2.46" classname="Mike.50342b42-be40-4d76-93b5-5fef5a62ec8c">
      
      
      
    </testcase>
    <testcase name="Test caloriesBurned input on Activity Create" time="2.26" classname="Mike.d71c9ea4-5ba0-410d-ac18-6dd0f72b9bfc">
      
      
      
    </testcase>
    <testcase name="User Login Flow" time="2.74" classname="Mike.075becde-9d13-40f8-8f9d-2f66e002ea17">
      
      
      
    </testcase>
    <testcase name="Activity Creation Flow" time="2.17" classname="Mike.55b6e18a-c29d-4d0b-913c-782cb9c7a60f">
      
      
      
    </testcase>
    <testcase name="Accessibility check for Home" time="1.16" classname="Mike.5d5ba819-e2df-4437-9b8d-52079c6cc75c">
      
      
      
    </testcase>
    <testcase name="Accessibility check for Login" time="1.18" classname="Mike.6af817c2-bd69-4334-adba-27a169b23084">
      
      
      
    </testcase>
    <testcase name="Accessibility check for Register" time="1.25" classname="Mike.e8c23948-5c19-42b7-9871-b8be1ddf0f30">
      
      
      
    </testcase>
    <testcase name="Accessibility check for Home" time="6.58" classname="Mike.8c4e3176-e308-4790-9940-017c3f9222d0">
      
      
      
    </testcase>
    <testcase name="Accessibility check for Activity Create" time="2.05" classname="Mike.6d9cdb1a-1c5b-4427-94b9-48b5c5438308">
      
      
      
    </testcase>
    <testcase name="Accessibility check for Challenges" time="2.14" classname="Mike.122c2c02-5079-4251-b495-896f5f3a45eb">
      
      
      
    </testcase>
    <testcase name="Accessibility check for Rankings" time="2.35" classname="Mike.8ecc24ad-9946-47e3-a609-37682f6c705d">
      
      
      
    </testcase>
    <testcase name="Accessibility check for Teams" time="1.79" classname="Mike.69bfc4ae-68d0-4b49-9977-1f200a553358">
      
      
      
    </testcase>
    <testcase name="Accessibility check for Calendar" time="1.73" classname="Mike.fb21285a-c685-4056-a6fa-6893d3692d1c">
      
      
      
    </testcase>
    <testcase name="Accessibility check for Settings" time="1.49" classname="Mike.e9f1b98c-ec1b-4923-860d-e8d3dc8c8ba1">
      
      
      
    </testcase>
    <testcase name="Accessibility check for Notifications" time="1.69" classname="Mike.8e9c7789-3263-40e9-97b1-49330fa3498e">
      
      
      
    </testcase>
    <testcase name="Accessibility check for Leaderboard" time="2.17" classname="Mike.c55513ac-0f42-4e58-80b7-e54152c78c1d">
      
      
      
    </testcase>
    <testcase name="404 Page Not Found Handling" time="1.17" classname="Mike.debbc4bf-956f-4391-95ff-43e991db8462">
      
      
      
    </testcase>
    <testcase name="Authorized Access Verification" time="6.76" classname="Mike.18e4c748-8478-4bad-8e06-0304154c51f7">
      
      
      
    </testcase>
  </testsuite>
</testsuites>
